2023-01-23 23:40:27,661 - ERROR - Not handled error: 'ReviewGatherer' object has no attribute 'collection'
2023-01-23 23:44:01,402 - WARNING - Sorting reviews failed for https://www.google.com/maps/place/Super+Bro's/@50.1217539,8.6802749,15z/data=!4m2!3m1!1s0x0:0xc088ec1873216106?sa=X&ved=2ahUKEwiiyr7V89v8AhU5hv0HHZ17ArQQ_BJ6BQiFARA
2023-01-23 23:44:01,402 - WARNING - Sorting reviews failed for https://www.google.com/maps/place/Super+Bro's/@50.1217539,8.6802749,15z/data=!4m2!3m1!1s0x0:0xc088ec1873216106?sa=X&ved=2ahUKEwiiyr7V89v8AhU5hv0HHZ17ArQQ_BJ6BQiFARA
2023-01-24 00:04:19,991 - WARNING - Sorting reviews failed for https://www.google.com/maps/place/Super+Bro's/@50.1217539,8.6802749,15z/data=!4m2!3m1!1s0x0:0xc088ec1873216106?sa=X&ved=2ahUKEwiiyr7V89v8AhU5hv0HHZ17ArQQ_BJ6BQiFARA
2023-01-24 00:04:19,991 - WARNING - Sorting reviews failed for https://www.google.com/maps/place/Super+Bro's/@50.1217539,8.6802749,15z/data=!4m2!3m1!1s0x0:0xc088ec1873216106?sa=X&ved=2ahUKEwiiyr7V89v8AhU5hv0HHZ17ArQQ_BJ6BQiFARA
2023-01-24 00:04:19,991 - WARNING - Sorting reviews failed for https://www.google.com/maps/place/Super+Bro's/@50.1217539,8.6802749,15z/data=!4m2!3m1!1s0x0:0xc088ec1873216106?sa=X&ved=2ahUKEwiiyr7V89v8AhU5hv0HHZ17ArQQ_BJ6BQiFARA
2023-01-24 00:04:19,991 - WARNING - Sorting reviews failed for https://www.google.com/maps/place/Super+Bro's/@50.1217539,8.6802749,15z/data=!4m2!3m1!1s0x0:0xc088ec1873216106?sa=X&ved=2ahUKEwiiyr7V89v8AhU5hv0HHZ17ArQQ_BJ6BQiFARA
2023-01-24 00:15:03,404 - WARNING - Sorting reviews failed for https://www.google.com/maps/place/Super+Bro's/@50.1217539,8.6802749,15z/data=!4m2!3m1!1s0x0:0xc088ec1873216106?sa=X&ved=2ahUKEwiiyr7V89v8AhU5hv0HHZ17ArQQ_BJ6BQiFARA
2023-01-24 00:15:03,404 - WARNING - Sorting reviews failed for https://www.google.com/maps/place/Super+Bro's/@50.1217539,8.6802749,15z/data=!4m2!3m1!1s0x0:0xc088ec1873216106?sa=X&ved=2ahUKEwiiyr7V89v8AhU5hv0HHZ17ArQQ_BJ6BQiFARA
2023-01-24 00:15:03,404 - WARNING - Sorting reviews failed for https://www.google.com/maps/place/Super+Bro's/@50.1217539,8.6802749,15z/data=!4m2!3m1!1s0x0:0xc088ec1873216106?sa=X&ved=2ahUKEwiiyr7V89v8AhU5hv0HHZ17ArQQ_BJ6BQiFARA
2023-01-24 00:15:03,404 - WARNING - Sorting reviews failed for https://www.google.com/maps/place/Super+Bro's/@50.1217539,8.6802749,15z/data=!4m2!3m1!1s0x0:0xc088ec1873216106?sa=X&ved=2ahUKEwiiyr7V89v8AhU5hv0HHZ17ArQQ_BJ6BQiFARA
2023-01-24 00:15:03,404 - WARNING - Sorting reviews failed for https://www.google.com/maps/place/Super+Bro's/@50.1217539,8.6802749,15z/data=!4m2!3m1!1s0x0:0xc088ec1873216106?sa=X&ved=2ahUKEwiiyr7V89v8AhU5hv0HHZ17ArQQ_BJ6BQiFARA
2023-01-24 00:52:24,250 - ERROR - Not handled error: Message: disconnected: unable to connect to renderer
  (failed to check if window was closed: disconnected: unable to connect to renderer)
  (Session info: chrome=109.0.5414.87)

2023-01-24 00:52:24,250 - ERROR - Not handled error: Message: disconnected: unable to connect to renderer
  (failed to check if window was closed: disconnected: unable to connect to renderer)
  (Session info: chrome=109.0.5414.87)

2023-01-24 00:52:24,250 - ERROR - Not handled error: Message: disconnected: unable to connect to renderer
  (failed to check if window was closed: disconnected: unable to connect to renderer)
  (Session info: chrome=109.0.5414.87)

2023-01-24 00:52:24,250 - ERROR - Not handled error: Message: disconnected: unable to connect to renderer
  (failed to check if window was closed: disconnected: unable to connect to renderer)
  (Session info: chrome=109.0.5414.87)

2023-01-24 00:52:24,250 - ERROR - Not handled error: Message: disconnected: unable to connect to renderer
  (failed to check if window was closed: disconnected: unable to connect to renderer)
  (Session info: chrome=109.0.5414.87)

2023-01-24 00:52:24,250 - ERROR - Not handled error: Message: disconnected: unable to connect to renderer
  (failed to check if window was closed: disconnected: unable to connect to renderer)
  (Session info: chrome=109.0.5414.87)

2023-01-24 00:52:24,250 - ERROR - Not handled error: Message: disconnected: unable to connect to renderer
  (failed to check if window was closed: disconnected: unable to connect to renderer)
  (Session info: chrome=109.0.5414.87)

2023-01-24 00:52:24,250 - ERROR - Not handled error: Message: disconnected: unable to connect to renderer
  (failed to check if window was closed: disconnected: unable to connect to renderer)
  (Session info: chrome=109.0.5414.87)

2023-01-24 00:52:24,250 - ERROR - Not handled error: Message: disconnected: unable to connect to renderer
  (failed to check if window was closed: disconnected: unable to connect to renderer)
  (Session info: chrome=109.0.5414.87)

2023-01-24 00:52:24,250 - ERROR - Not handled error: Message: disconnected: unable to connect to renderer
  (failed to check if window was closed: disconnected: unable to connect to renderer)
  (Session info: chrome=109.0.5414.87)

2023-01-24 19:42:18,671 - ERROR - Not handled error: Message: no such window: target window already closed
from unknown error: web view not found
  (Session info: chrome=109.0.5414.87)

2023-01-24 19:47:05,094 - INFO - https://www.google.com/maps/place/Super+Bro's/@50.1217539,8.6802749,15z/data=!4m2!3m1!1s0x0:0xc088ec1873216106?sa=X&ved=2ahUKEwiiyr7V89v8AhU5hv0HHZ17ArQQ_BJ6BQiFARA : 208 new reviews
2023-01-24 19:47:05,094 - INFO - https://www.google.com/maps/place/Super+Bro's/@50.1217539,8.6802749,15z/data=!4m2!3m1!1s0x0:0xc088ec1873216106?sa=X&ved=2ahUKEwiiyr7V89v8AhU5hv0HHZ17ArQQ_BJ6BQiFARA : 208 new reviews
2023-01-25 22:20:20,596 - WARNING - Sorting reviews failed for https://www.google.com/maps/place/Super+Bro's/@50.1217539,8.6802749,15z/data=!4m2!3m1!1s0x0:0xc088ec1873216106?sa=X&ved=2ahUKEwiiyr7V89v8AhU5hv0HHZ17ArQQ_BJ6BQiFARA
2023-01-25 22:20:20,596 - WARNING - Sorting reviews failed for https://www.google.com/maps/place/Super+Bro's/@50.1217539,8.6802749,15z/data=!4m2!3m1!1s0x0:0xc088ec1873216106?sa=X&ved=2ahUKEwiiyr7V89v8AhU5hv0HHZ17ArQQ_BJ6BQiFARA
2023-01-25 22:20:20,596 - WARNING - Sorting reviews failed for https://www.google.com/maps/place/Super+Bro's/@50.1217539,8.6802749,15z/data=!4m2!3m1!1s0x0:0xc088ec1873216106?sa=X&ved=2ahUKEwiiyr7V89v8AhU5hv0HHZ17ArQQ_BJ6BQiFARA
2023-01-25 22:35:19,249 - INFO - https://www.google.com/maps/place/Super+Bro's/@50.1217539,8.6802749,15z/data=!4m2!3m1!1s0x0:0xc088ec1873216106?sa=X&ved=2ahUKEwiiyr7V89v8AhU5hv0HHZ17ArQQ_BJ6BQiFARA : 26 new reviews
2023-01-25 22:35:19,249 - INFO - https://www.google.com/maps/place/Super+Bro's/@50.1217539,8.6802749,15z/data=!4m2!3m1!1s0x0:0xc088ec1873216106?sa=X&ved=2ahUKEwiiyr7V89v8AhU5hv0HHZ17ArQQ_BJ6BQiFARA : 26 new reviews
2023-01-25 22:35:19,249 - INFO - https://www.google.com/maps/place/Super+Bro's/@50.1217539,8.6802749,15z/data=!4m2!3m1!1s0x0:0xc088ec1873216106?sa=X&ved=2ahUKEwiiyr7V89v8AhU5hv0HHZ17ArQQ_BJ6BQiFARA : 26 new reviews
2023-01-25 22:35:19,249 - INFO - https://www.google.com/maps/place/Super+Bro's/@50.1217539,8.6802749,15z/data=!4m2!3m1!1s0x0:0xc088ec1873216106?sa=X&ved=2ahUKEwiiyr7V89v8AhU5hv0HHZ17ArQQ_BJ6BQiFARA : 26 new reviews
2023-01-25 22:37:05,812 - INFO - https://www.google.com/maps/place/Super+Bro's/@50.1217539,8.6802749,15z/data=!4m2!3m1!1s0x0:0xc088ec1873216106?sa=X&ved=2ahUKEwiiyr7V89v8AhU5hv0HHZ17ArQQ_BJ6BQiFARA : 26 new reviews
2023-01-25 22:37:05,812 - INFO - https://www.google.com/maps/place/Super+Bro's/@50.1217539,8.6802749,15z/data=!4m2!3m1!1s0x0:0xc088ec1873216106?sa=X&ved=2ahUKEwiiyr7V89v8AhU5hv0HHZ17ArQQ_BJ6BQiFARA : 26 new reviews
2023-01-25 22:37:05,812 - INFO - https://www.google.com/maps/place/Super+Bro's/@50.1217539,8.6802749,15z/data=!4m2!3m1!1s0x0:0xc088ec1873216106?sa=X&ved=2ahUKEwiiyr7V89v8AhU5hv0HHZ17ArQQ_BJ6BQiFARA : 26 new reviews
2023-01-25 22:37:05,812 - INFO - https://www.google.com/maps/place/Super+Bro's/@50.1217539,8.6802749,15z/data=!4m2!3m1!1s0x0:0xc088ec1873216106?sa=X&ved=2ahUKEwiiyr7V89v8AhU5hv0HHZ17ArQQ_BJ6BQiFARA : 26 new reviews
2023-01-25 22:37:05,812 - INFO - https://www.google.com/maps/place/Super+Bro's/@50.1217539,8.6802749,15z/data=!4m2!3m1!1s0x0:0xc088ec1873216106?sa=X&ved=2ahUKEwiiyr7V89v8AhU5hv0HHZ17ArQQ_BJ6BQiFARA : 26 new reviews
2023-01-25 23:05:45,291 - INFO - https://www.google.com/maps/place/Super+Bro's/@50.1217539,8.6802749,15z/data=!4m2!3m1!1s0x0:0xc088ec1873216106?sa=X&ved=2ahUKEwiiyr7V89v8AhU5hv0HHZ17ArQQ_BJ6BQiFARA : 26 new reviews
2023-01-25 23:05:45,291 - INFO - https://www.google.com/maps/place/Super+Bro's/@50.1217539,8.6802749,15z/data=!4m2!3m1!1s0x0:0xc088ec1873216106?sa=X&ved=2ahUKEwiiyr7V89v8AhU5hv0HHZ17ArQQ_BJ6BQiFARA : 26 new reviews
2023-01-25 23:05:45,291 - INFO - https://www.google.com/maps/place/Super+Bro's/@50.1217539,8.6802749,15z/data=!4m2!3m1!1s0x0:0xc088ec1873216106?sa=X&ved=2ahUKEwiiyr7V89v8AhU5hv0HHZ17ArQQ_BJ6BQiFARA : 26 new reviews
2023-01-25 23:05:45,291 - INFO - https://www.google.com/maps/place/Super+Bro's/@50.1217539,8.6802749,15z/data=!4m2!3m1!1s0x0:0xc088ec1873216106?sa=X&ved=2ahUKEwiiyr7V89v8AhU5hv0HHZ17ArQQ_BJ6BQiFARA : 26 new reviews
2023-01-25 23:05:45,291 - INFO - https://www.google.com/maps/place/Super+Bro's/@50.1217539,8.6802749,15z/data=!4m2!3m1!1s0x0:0xc088ec1873216106?sa=X&ved=2ahUKEwiiyr7V89v8AhU5hv0HHZ17ArQQ_BJ6BQiFARA : 26 new reviews
2023-01-25 23:05:45,291 - INFO - https://www.google.com/maps/place/Super+Bro's/@50.1217539,8.6802749,15z/data=!4m2!3m1!1s0x0:0xc088ec1873216106?sa=X&ved=2ahUKEwiiyr7V89v8AhU5hv0HHZ17ArQQ_BJ6BQiFARA : 26 new reviews
2023-01-25 23:16:19,078 - INFO - https://www.google.com/maps/place/Super+Bro's/@50.1217539,8.6802749,15z/data=!4m2!3m1!1s0x0:0xc088ec1873216106?sa=X&ved=2ahUKEwiiyr7V89v8AhU5hv0HHZ17ArQQ_BJ6BQiFARA : 26 new reviews
2023-01-25 23:16:19,078 - INFO - https://www.google.com/maps/place/Super+Bro's/@50.1217539,8.6802749,15z/data=!4m2!3m1!1s0x0:0xc088ec1873216106?sa=X&ved=2ahUKEwiiyr7V89v8AhU5hv0HHZ17ArQQ_BJ6BQiFARA : 26 new reviews
2023-01-25 23:16:19,078 - INFO - https://www.google.com/maps/place/Super+Bro's/@50.1217539,8.6802749,15z/data=!4m2!3m1!1s0x0:0xc088ec1873216106?sa=X&ved=2ahUKEwiiyr7V89v8AhU5hv0HHZ17ArQQ_BJ6BQiFARA : 26 new reviews
2023-01-25 23:16:19,078 - INFO - https://www.google.com/maps/place/Super+Bro's/@50.1217539,8.6802749,15z/data=!4m2!3m1!1s0x0:0xc088ec1873216106?sa=X&ved=2ahUKEwiiyr7V89v8AhU5hv0HHZ17ArQQ_BJ6BQiFARA : 26 new reviews
2023-01-25 23:16:19,078 - INFO - https://www.google.com/maps/place/Super+Bro's/@50.1217539,8.6802749,15z/data=!4m2!3m1!1s0x0:0xc088ec1873216106?sa=X&ved=2ahUKEwiiyr7V89v8AhU5hv0HHZ17ArQQ_BJ6BQiFARA : 26 new reviews
2023-01-25 23:16:19,078 - INFO - https://www.google.com/maps/place/Super+Bro's/@50.1217539,8.6802749,15z/data=!4m2!3m1!1s0x0:0xc088ec1873216106?sa=X&ved=2ahUKEwiiyr7V89v8AhU5hv0HHZ17ArQQ_BJ6BQiFARA : 26 new reviews
2023-01-25 23:16:19,078 - INFO - https://www.google.com/maps/place/Super+Bro's/@50.1217539,8.6802749,15z/data=!4m2!3m1!1s0x0:0xc088ec1873216106?sa=X&ved=2ahUKEwiiyr7V89v8AhU5hv0HHZ17ArQQ_BJ6BQiFARA : 26 new reviews
2023-01-25 23:25:56,240 - INFO - https://www.google.com/maps/place/Super+Bro's/@50.1217539,8.6802749,15z/data=!4m2!3m1!1s0x0:0xc088ec1873216106?sa=X&ved=2ahUKEwiiyr7V89v8AhU5hv0HHZ17ArQQ_BJ6BQiFARA : 26 new reviews
2023-01-25 23:25:56,240 - INFO - https://www.google.com/maps/place/Super+Bro's/@50.1217539,8.6802749,15z/data=!4m2!3m1!1s0x0:0xc088ec1873216106?sa=X&ved=2ahUKEwiiyr7V89v8AhU5hv0HHZ17ArQQ_BJ6BQiFARA : 26 new reviews
2023-01-25 23:25:56,240 - INFO - https://www.google.com/maps/place/Super+Bro's/@50.1217539,8.6802749,15z/data=!4m2!3m1!1s0x0:0xc088ec1873216106?sa=X&ved=2ahUKEwiiyr7V89v8AhU5hv0HHZ17ArQQ_BJ6BQiFARA : 26 new reviews
2023-01-25 23:25:56,240 - INFO - https://www.google.com/maps/place/Super+Bro's/@50.1217539,8.6802749,15z/data=!4m2!3m1!1s0x0:0xc088ec1873216106?sa=X&ved=2ahUKEwiiyr7V89v8AhU5hv0HHZ17ArQQ_BJ6BQiFARA : 26 new reviews
2023-01-25 23:25:56,240 - INFO - https://www.google.com/maps/place/Super+Bro's/@50.1217539,8.6802749,15z/data=!4m2!3m1!1s0x0:0xc088ec1873216106?sa=X&ved=2ahUKEwiiyr7V89v8AhU5hv0HHZ17ArQQ_BJ6BQiFARA : 26 new reviews
2023-01-25 23:25:56,240 - INFO - https://www.google.com/maps/place/Super+Bro's/@50.1217539,8.6802749,15z/data=!4m2!3m1!1s0x0:0xc088ec1873216106?sa=X&ved=2ahUKEwiiyr7V89v8AhU5hv0HHZ17ArQQ_BJ6BQiFARA : 26 new reviews
2023-01-25 23:25:56,240 - INFO - https://www.google.com/maps/place/Super+Bro's/@50.1217539,8.6802749,15z/data=!4m2!3m1!1s0x0:0xc088ec1873216106?sa=X&ved=2ahUKEwiiyr7V89v8AhU5hv0HHZ17ArQQ_BJ6BQiFARA : 26 new reviews
2023-01-25 23:25:56,240 - INFO - https://www.google.com/maps/place/Super+Bro's/@50.1217539,8.6802749,15z/data=!4m2!3m1!1s0x0:0xc088ec1873216106?sa=X&ved=2ahUKEwiiyr7V89v8AhU5hv0HHZ17ArQQ_BJ6BQiFARA : 26 new reviews
2023-01-25 23:45:06,010 - INFO - https://www.google.com/maps/place/Super+Bro's/@50.1217539,8.6802749,15z/data=!4m2!3m1!1s0x0:0xc088ec1873216106?sa=X&ved=2ahUKEwiiyr7V89v8AhU5hv0HHZ17ArQQ_BJ6BQiFARA : 26 new reviews
2023-01-25 23:45:06,010 - INFO - https://www.google.com/maps/place/Super+Bro's/@50.1217539,8.6802749,15z/data=!4m2!3m1!1s0x0:0xc088ec1873216106?sa=X&ved=2ahUKEwiiyr7V89v8AhU5hv0HHZ17ArQQ_BJ6BQiFARA : 26 new reviews
2023-01-25 23:45:06,010 - INFO - https://www.google.com/maps/place/Super+Bro's/@50.1217539,8.6802749,15z/data=!4m2!3m1!1s0x0:0xc088ec1873216106?sa=X&ved=2ahUKEwiiyr7V89v8AhU5hv0HHZ17ArQQ_BJ6BQiFARA : 26 new reviews
2023-01-25 23:45:06,010 - INFO - https://www.google.com/maps/place/Super+Bro's/@50.1217539,8.6802749,15z/data=!4m2!3m1!1s0x0:0xc088ec1873216106?sa=X&ved=2ahUKEwiiyr7V89v8AhU5hv0HHZ17ArQQ_BJ6BQiFARA : 26 new reviews
2023-01-25 23:45:06,010 - INFO - https://www.google.com/maps/place/Super+Bro's/@50.1217539,8.6802749,15z/data=!4m2!3m1!1s0x0:0xc088ec1873216106?sa=X&ved=2ahUKEwiiyr7V89v8AhU5hv0HHZ17ArQQ_BJ6BQiFARA : 26 new reviews
2023-01-25 23:45:06,010 - INFO - https://www.google.com/maps/place/Super+Bro's/@50.1217539,8.6802749,15z/data=!4m2!3m1!1s0x0:0xc088ec1873216106?sa=X&ved=2ahUKEwiiyr7V89v8AhU5hv0HHZ17ArQQ_BJ6BQiFARA : 26 new reviews
2023-01-25 23:45:06,010 - INFO - https://www.google.com/maps/place/Super+Bro's/@50.1217539,8.6802749,15z/data=!4m2!3m1!1s0x0:0xc088ec1873216106?sa=X&ved=2ahUKEwiiyr7V89v8AhU5hv0HHZ17ArQQ_BJ6BQiFARA : 26 new reviews
2023-01-25 23:45:06,010 - INFO - https://www.google.com/maps/place/Super+Bro's/@50.1217539,8.6802749,15z/data=!4m2!3m1!1s0x0:0xc088ec1873216106?sa=X&ved=2ahUKEwiiyr7V89v8AhU5hv0HHZ17ArQQ_BJ6BQiFARA : 26 new reviews
2023-01-25 23:45:06,010 - INFO - https://www.google.com/maps/place/Super+Bro's/@50.1217539,8.6802749,15z/data=!4m2!3m1!1s0x0:0xc088ec1873216106?sa=X&ved=2ahUKEwiiyr7V89v8AhU5hv0HHZ17ArQQ_BJ6BQiFARA : 26 new reviews
2023-01-25 23:57:34,188 - INFO - https://www.google.com/maps/place/Super+Bro's/@50.1217539,8.6802749,15z/data=!4m2!3m1!1s0x0:0xc088ec1873216106?sa=X&ved=2ahUKEwiiyr7V89v8AhU5hv0HHZ17ArQQ_BJ6BQiFARA : 26 new reviews
2023-01-25 23:57:34,188 - INFO - https://www.google.com/maps/place/Super+Bro's/@50.1217539,8.6802749,15z/data=!4m2!3m1!1s0x0:0xc088ec1873216106?sa=X&ved=2ahUKEwiiyr7V89v8AhU5hv0HHZ17ArQQ_BJ6BQiFARA : 26 new reviews
2023-01-25 23:57:34,188 - INFO - https://www.google.com/maps/place/Super+Bro's/@50.1217539,8.6802749,15z/data=!4m2!3m1!1s0x0:0xc088ec1873216106?sa=X&ved=2ahUKEwiiyr7V89v8AhU5hv0HHZ17ArQQ_BJ6BQiFARA : 26 new reviews
2023-01-25 23:57:34,188 - INFO - https://www.google.com/maps/place/Super+Bro's/@50.1217539,8.6802749,15z/data=!4m2!3m1!1s0x0:0xc088ec1873216106?sa=X&ved=2ahUKEwiiyr7V89v8AhU5hv0HHZ17ArQQ_BJ6BQiFARA : 26 new reviews
2023-01-25 23:57:34,188 - INFO - https://www.google.com/maps/place/Super+Bro's/@50.1217539,8.6802749,15z/data=!4m2!3m1!1s0x0:0xc088ec1873216106?sa=X&ved=2ahUKEwiiyr7V89v8AhU5hv0HHZ17ArQQ_BJ6BQiFARA : 26 new reviews
2023-01-25 23:57:34,188 - INFO - https://www.google.com/maps/place/Super+Bro's/@50.1217539,8.6802749,15z/data=!4m2!3m1!1s0x0:0xc088ec1873216106?sa=X&ved=2ahUKEwiiyr7V89v8AhU5hv0HHZ17ArQQ_BJ6BQiFARA : 26 new reviews
2023-01-25 23:57:34,188 - INFO - https://www.google.com/maps/place/Super+Bro's/@50.1217539,8.6802749,15z/data=!4m2!3m1!1s0x0:0xc088ec1873216106?sa=X&ved=2ahUKEwiiyr7V89v8AhU5hv0HHZ17ArQQ_BJ6BQiFARA : 26 new reviews
2023-01-25 23:57:34,188 - INFO - https://www.google.com/maps/place/Super+Bro's/@50.1217539,8.6802749,15z/data=!4m2!3m1!1s0x0:0xc088ec1873216106?sa=X&ved=2ahUKEwiiyr7V89v8AhU5hv0HHZ17ArQQ_BJ6BQiFARA : 26 new reviews
2023-01-25 23:57:34,188 - INFO - https://www.google.com/maps/place/Super+Bro's/@50.1217539,8.6802749,15z/data=!4m2!3m1!1s0x0:0xc088ec1873216106?sa=X&ved=2ahUKEwiiyr7V89v8AhU5hv0HHZ17ArQQ_BJ6BQiFARA : 26 new reviews
2023-01-25 23:57:34,188 - INFO - https://www.google.com/maps/place/Super+Bro's/@50.1217539,8.6802749,15z/data=!4m2!3m1!1s0x0:0xc088ec1873216106?sa=X&ved=2ahUKEwiiyr7V89v8AhU5hv0HHZ17ArQQ_BJ6BQiFARA : 26 new reviews
2023-01-26 00:00:32,127 - INFO - https://www.google.com/maps/place/Super+Bro's/@50.1217539,8.6802749,15z/data=!4m2!3m1!1s0x0:0xc088ec1873216106?sa=X&ved=2ahUKEwiiyr7V89v8AhU5hv0HHZ17ArQQ_BJ6BQiFARA : 26 new reviews
2023-01-26 00:00:32,127 - INFO - https://www.google.com/maps/place/Super+Bro's/@50.1217539,8.6802749,15z/data=!4m2!3m1!1s0x0:0xc088ec1873216106?sa=X&ved=2ahUKEwiiyr7V89v8AhU5hv0HHZ17ArQQ_BJ6BQiFARA : 26 new reviews
2023-01-26 00:00:32,127 - INFO - https://www.google.com/maps/place/Super+Bro's/@50.1217539,8.6802749,15z/data=!4m2!3m1!1s0x0:0xc088ec1873216106?sa=X&ved=2ahUKEwiiyr7V89v8AhU5hv0HHZ17ArQQ_BJ6BQiFARA : 26 new reviews
2023-01-26 00:00:32,127 - INFO - https://www.google.com/maps/place/Super+Bro's/@50.1217539,8.6802749,15z/data=!4m2!3m1!1s0x0:0xc088ec1873216106?sa=X&ved=2ahUKEwiiyr7V89v8AhU5hv0HHZ17ArQQ_BJ6BQiFARA : 26 new reviews
2023-01-26 00:00:32,127 - INFO - https://www.google.com/maps/place/Super+Bro's/@50.1217539,8.6802749,15z/data=!4m2!3m1!1s0x0:0xc088ec1873216106?sa=X&ved=2ahUKEwiiyr7V89v8AhU5hv0HHZ17ArQQ_BJ6BQiFARA : 26 new reviews
2023-01-26 00:00:32,127 - INFO - https://www.google.com/maps/place/Super+Bro's/@50.1217539,8.6802749,15z/data=!4m2!3m1!1s0x0:0xc088ec1873216106?sa=X&ved=2ahUKEwiiyr7V89v8AhU5hv0HHZ17ArQQ_BJ6BQiFARA : 26 new reviews
2023-01-26 00:00:32,127 - INFO - https://www.google.com/maps/place/Super+Bro's/@50.1217539,8.6802749,15z/data=!4m2!3m1!1s0x0:0xc088ec1873216106?sa=X&ved=2ahUKEwiiyr7V89v8AhU5hv0HHZ17ArQQ_BJ6BQiFARA : 26 new reviews
2023-01-26 00:00:32,127 - INFO - https://www.google.com/maps/place/Super+Bro's/@50.1217539,8.6802749,15z/data=!4m2!3m1!1s0x0:0xc088ec1873216106?sa=X&ved=2ahUKEwiiyr7V89v8AhU5hv0HHZ17ArQQ_BJ6BQiFARA : 26 new reviews
2023-01-26 00:00:32,127 - INFO - https://www.google.com/maps/place/Super+Bro's/@50.1217539,8.6802749,15z/data=!4m2!3m1!1s0x0:0xc088ec1873216106?sa=X&ved=2ahUKEwiiyr7V89v8AhU5hv0HHZ17ArQQ_BJ6BQiFARA : 26 new reviews
2023-01-26 00:00:32,127 - INFO - https://www.google.com/maps/place/Super+Bro's/@50.1217539,8.6802749,15z/data=!4m2!3m1!1s0x0:0xc088ec1873216106?sa=X&ved=2ahUKEwiiyr7V89v8AhU5hv0HHZ17ArQQ_BJ6BQiFARA : 26 new reviews
2023-01-26 00:00:32,127 - INFO - https://www.google.com/maps/place/Super+Bro's/@50.1217539,8.6802749,15z/data=!4m2!3m1!1s0x0:0xc088ec1873216106?sa=X&ved=2ahUKEwiiyr7V89v8AhU5hv0HHZ17ArQQ_BJ6BQiFARA : 26 new reviews
2023-01-26 00:05:08,152 - INFO - https://www.google.com/maps/place/Super+Bro's/@50.1217539,8.6802749,15z/data=!4m2!3m1!1s0x0:0xc088ec1873216106?sa=X&ved=2ahUKEwiiyr7V89v8AhU5hv0HHZ17ArQQ_BJ6BQiFARA : 26 new reviews
2023-01-26 00:05:08,152 - INFO - https://www.google.com/maps/place/Super+Bro's/@50.1217539,8.6802749,15z/data=!4m2!3m1!1s0x0:0xc088ec1873216106?sa=X&ved=2ahUKEwiiyr7V89v8AhU5hv0HHZ17ArQQ_BJ6BQiFARA : 26 new reviews
2023-01-26 00:05:08,152 - INFO - https://www.google.com/maps/place/Super+Bro's/@50.1217539,8.6802749,15z/data=!4m2!3m1!1s0x0:0xc088ec1873216106?sa=X&ved=2ahUKEwiiyr7V89v8AhU5hv0HHZ17ArQQ_BJ6BQiFARA : 26 new reviews
2023-01-26 00:05:08,152 - INFO - https://www.google.com/maps/place/Super+Bro's/@50.1217539,8.6802749,15z/data=!4m2!3m1!1s0x0:0xc088ec1873216106?sa=X&ved=2ahUKEwiiyr7V89v8AhU5hv0HHZ17ArQQ_BJ6BQiFARA : 26 new reviews
2023-01-26 00:05:08,152 - INFO - https://www.google.com/maps/place/Super+Bro's/@50.1217539,8.6802749,15z/data=!4m2!3m1!1s0x0:0xc088ec1873216106?sa=X&ved=2ahUKEwiiyr7V89v8AhU5hv0HHZ17ArQQ_BJ6BQiFARA : 26 new reviews
2023-01-26 00:05:08,152 - INFO - https://www.google.com/maps/place/Super+Bro's/@50.1217539,8.6802749,15z/data=!4m2!3m1!1s0x0:0xc088ec1873216106?sa=X&ved=2ahUKEwiiyr7V89v8AhU5hv0HHZ17ArQQ_BJ6BQiFARA : 26 new reviews
2023-01-26 00:05:08,152 - INFO - https://www.google.com/maps/place/Super+Bro's/@50.1217539,8.6802749,15z/data=!4m2!3m1!1s0x0:0xc088ec1873216106?sa=X&ved=2ahUKEwiiyr7V89v8AhU5hv0HHZ17ArQQ_BJ6BQiFARA : 26 new reviews
2023-01-26 00:05:08,152 - INFO - https://www.google.com/maps/place/Super+Bro's/@50.1217539,8.6802749,15z/data=!4m2!3m1!1s0x0:0xc088ec1873216106?sa=X&ved=2ahUKEwiiyr7V89v8AhU5hv0HHZ17ArQQ_BJ6BQiFARA : 26 new reviews
2023-01-26 00:05:08,152 - INFO - https://www.google.com/maps/place/Super+Bro's/@50.1217539,8.6802749,15z/data=!4m2!3m1!1s0x0:0xc088ec1873216106?sa=X&ved=2ahUKEwiiyr7V89v8AhU5hv0HHZ17ArQQ_BJ6BQiFARA : 26 new reviews
2023-01-26 00:05:08,152 - INFO - https://www.google.com/maps/place/Super+Bro's/@50.1217539,8.6802749,15z/data=!4m2!3m1!1s0x0:0xc088ec1873216106?sa=X&ved=2ahUKEwiiyr7V89v8AhU5hv0HHZ17ArQQ_BJ6BQiFARA : 26 new reviews
2023-01-26 00:05:08,152 - INFO - https://www.google.com/maps/place/Super+Bro's/@50.1217539,8.6802749,15z/data=!4m2!3m1!1s0x0:0xc088ec1873216106?sa=X&ved=2ahUKEwiiyr7V89v8AhU5hv0HHZ17ArQQ_BJ6BQiFARA : 26 new reviews
2023-01-26 00:05:08,152 - INFO - https://www.google.com/maps/place/Super+Bro's/@50.1217539,8.6802749,15z/data=!4m2!3m1!1s0x0:0xc088ec1873216106?sa=X&ved=2ahUKEwiiyr7V89v8AhU5hv0HHZ17ArQQ_BJ6BQiFARA : 26 new reviews
2023-01-26 00:08:40,169 - INFO - https://www.google.com/maps/place/Super+Bro's/@50.1217539,8.6802749,15z/data=!4m2!3m1!1s0x0:0xc088ec1873216106?sa=X&ved=2ahUKEwiiyr7V89v8AhU5hv0HHZ17ArQQ_BJ6BQiFARA : 26 new reviews
2023-01-26 00:08:40,169 - INFO - https://www.google.com/maps/place/Super+Bro's/@50.1217539,8.6802749,15z/data=!4m2!3m1!1s0x0:0xc088ec1873216106?sa=X&ved=2ahUKEwiiyr7V89v8AhU5hv0HHZ17ArQQ_BJ6BQiFARA : 26 new reviews
2023-01-26 00:08:40,169 - INFO - https://www.google.com/maps/place/Super+Bro's/@50.1217539,8.6802749,15z/data=!4m2!3m1!1s0x0:0xc088ec1873216106?sa=X&ved=2ahUKEwiiyr7V89v8AhU5hv0HHZ17ArQQ_BJ6BQiFARA : 26 new reviews
2023-01-26 00:08:40,169 - INFO - https://www.google.com/maps/place/Super+Bro's/@50.1217539,8.6802749,15z/data=!4m2!3m1!1s0x0:0xc088ec1873216106?sa=X&ved=2ahUKEwiiyr7V89v8AhU5hv0HHZ17ArQQ_BJ6BQiFARA : 26 new reviews
2023-01-26 00:08:40,169 - INFO - https://www.google.com/maps/place/Super+Bro's/@50.1217539,8.6802749,15z/data=!4m2!3m1!1s0x0:0xc088ec1873216106?sa=X&ved=2ahUKEwiiyr7V89v8AhU5hv0HHZ17ArQQ_BJ6BQiFARA : 26 new reviews
2023-01-26 00:08:40,169 - INFO - https://www.google.com/maps/place/Super+Bro's/@50.1217539,8.6802749,15z/data=!4m2!3m1!1s0x0:0xc088ec1873216106?sa=X&ved=2ahUKEwiiyr7V89v8AhU5hv0HHZ17ArQQ_BJ6BQiFARA : 26 new reviews
2023-01-26 00:08:40,169 - INFO - https://www.google.com/maps/place/Super+Bro's/@50.1217539,8.6802749,15z/data=!4m2!3m1!1s0x0:0xc088ec1873216106?sa=X&ved=2ahUKEwiiyr7V89v8AhU5hv0HHZ17ArQQ_BJ6BQiFARA : 26 new reviews
2023-01-26 00:08:40,169 - INFO - https://www.google.com/maps/place/Super+Bro's/@50.1217539,8.6802749,15z/data=!4m2!3m1!1s0x0:0xc088ec1873216106?sa=X&ved=2ahUKEwiiyr7V89v8AhU5hv0HHZ17ArQQ_BJ6BQiFARA : 26 new reviews
2023-01-26 00:08:40,169 - INFO - https://www.google.com/maps/place/Super+Bro's/@50.1217539,8.6802749,15z/data=!4m2!3m1!1s0x0:0xc088ec1873216106?sa=X&ved=2ahUKEwiiyr7V89v8AhU5hv0HHZ17ArQQ_BJ6BQiFARA : 26 new reviews
2023-01-26 00:08:40,169 - INFO - https://www.google.com/maps/place/Super+Bro's/@50.1217539,8.6802749,15z/data=!4m2!3m1!1s0x0:0xc088ec1873216106?sa=X&ved=2ahUKEwiiyr7V89v8AhU5hv0HHZ17ArQQ_BJ6BQiFARA : 26 new reviews
2023-01-26 00:08:40,169 - INFO - https://www.google.com/maps/place/Super+Bro's/@50.1217539,8.6802749,15z/data=!4m2!3m1!1s0x0:0xc088ec1873216106?sa=X&ved=2ahUKEwiiyr7V89v8AhU5hv0HHZ17ArQQ_BJ6BQiFARA : 26 new reviews
2023-01-26 00:08:40,169 - INFO - https://www.google.com/maps/place/Super+Bro's/@50.1217539,8.6802749,15z/data=!4m2!3m1!1s0x0:0xc088ec1873216106?sa=X&ved=2ahUKEwiiyr7V89v8AhU5hv0HHZ17ArQQ_BJ6BQiFARA : 26 new reviews
2023-01-26 00:08:40,169 - INFO - https://www.google.com/maps/place/Super+Bro's/@50.1217539,8.6802749,15z/data=!4m2!3m1!1s0x0:0xc088ec1873216106?sa=X&ved=2ahUKEwiiyr7V89v8AhU5hv0HHZ17ArQQ_BJ6BQiFARA : 26 new reviews
2023-01-26 00:11:54,172 - INFO - https://www.google.com/maps/place/Super+Bro's/@50.1217539,8.6802749,15z/data=!4m2!3m1!1s0x0:0xc088ec1873216106?sa=X&ved=2ahUKEwiiyr7V89v8AhU5hv0HHZ17ArQQ_BJ6BQiFARA : 26 new reviews
2023-01-26 00:11:54,172 - INFO - https://www.google.com/maps/place/Super+Bro's/@50.1217539,8.6802749,15z/data=!4m2!3m1!1s0x0:0xc088ec1873216106?sa=X&ved=2ahUKEwiiyr7V89v8AhU5hv0HHZ17ArQQ_BJ6BQiFARA : 26 new reviews
2023-01-26 00:11:54,172 - INFO - https://www.google.com/maps/place/Super+Bro's/@50.1217539,8.6802749,15z/data=!4m2!3m1!1s0x0:0xc088ec1873216106?sa=X&ved=2ahUKEwiiyr7V89v8AhU5hv0HHZ17ArQQ_BJ6BQiFARA : 26 new reviews
2023-01-26 00:11:54,172 - INFO - https://www.google.com/maps/place/Super+Bro's/@50.1217539,8.6802749,15z/data=!4m2!3m1!1s0x0:0xc088ec1873216106?sa=X&ved=2ahUKEwiiyr7V89v8AhU5hv0HHZ17ArQQ_BJ6BQiFARA : 26 new reviews
2023-01-26 00:11:54,172 - INFO - https://www.google.com/maps/place/Super+Bro's/@50.1217539,8.6802749,15z/data=!4m2!3m1!1s0x0:0xc088ec1873216106?sa=X&ved=2ahUKEwiiyr7V89v8AhU5hv0HHZ17ArQQ_BJ6BQiFARA : 26 new reviews
2023-01-26 00:11:54,172 - INFO - https://www.google.com/maps/place/Super+Bro's/@50.1217539,8.6802749,15z/data=!4m2!3m1!1s0x0:0xc088ec1873216106?sa=X&ved=2ahUKEwiiyr7V89v8AhU5hv0HHZ17ArQQ_BJ6BQiFARA : 26 new reviews
2023-01-26 00:11:54,172 - INFO - https://www.google.com/maps/place/Super+Bro's/@50.1217539,8.6802749,15z/data=!4m2!3m1!1s0x0:0xc088ec1873216106?sa=X&ved=2ahUKEwiiyr7V89v8AhU5hv0HHZ17ArQQ_BJ6BQiFARA : 26 new reviews
2023-01-26 00:11:54,172 - INFO - https://www.google.com/maps/place/Super+Bro's/@50.1217539,8.6802749,15z/data=!4m2!3m1!1s0x0:0xc088ec1873216106?sa=X&ved=2ahUKEwiiyr7V89v8AhU5hv0HHZ17ArQQ_BJ6BQiFARA : 26 new reviews
2023-01-26 00:11:54,172 - INFO - https://www.google.com/maps/place/Super+Bro's/@50.1217539,8.6802749,15z/data=!4m2!3m1!1s0x0:0xc088ec1873216106?sa=X&ved=2ahUKEwiiyr7V89v8AhU5hv0HHZ17ArQQ_BJ6BQiFARA : 26 new reviews
2023-01-26 00:11:54,172 - INFO - https://www.google.com/maps/place/Super+Bro's/@50.1217539,8.6802749,15z/data=!4m2!3m1!1s0x0:0xc088ec1873216106?sa=X&ved=2ahUKEwiiyr7V89v8AhU5hv0HHZ17ArQQ_BJ6BQiFARA : 26 new reviews
2023-01-26 00:11:54,172 - INFO - https://www.google.com/maps/place/Super+Bro's/@50.1217539,8.6802749,15z/data=!4m2!3m1!1s0x0:0xc088ec1873216106?sa=X&ved=2ahUKEwiiyr7V89v8AhU5hv0HHZ17ArQQ_BJ6BQiFARA : 26 new reviews
2023-01-26 00:11:54,172 - INFO - https://www.google.com/maps/place/Super+Bro's/@50.1217539,8.6802749,15z/data=!4m2!3m1!1s0x0:0xc088ec1873216106?sa=X&ved=2ahUKEwiiyr7V89v8AhU5hv0HHZ17ArQQ_BJ6BQiFARA : 26 new reviews
2023-01-26 00:11:54,172 - INFO - https://www.google.com/maps/place/Super+Bro's/@50.1217539,8.6802749,15z/data=!4m2!3m1!1s0x0:0xc088ec1873216106?sa=X&ved=2ahUKEwiiyr7V89v8AhU5hv0HHZ17ArQQ_BJ6BQiFARA : 26 new reviews
2023-01-26 00:11:54,172 - INFO - https://www.google.com/maps/place/Super+Bro's/@50.1217539,8.6802749,15z/data=!4m2!3m1!1s0x0:0xc088ec1873216106?sa=X&ved=2ahUKEwiiyr7V89v8AhU5hv0HHZ17ArQQ_BJ6BQiFARA : 26 new reviews
2023-01-26 00:15:13,879 - INFO - https://www.google.com/maps/place/Super+Bro's/@50.1217539,8.6802749,15z/data=!4m2!3m1!1s0x0:0xc088ec1873216106?sa=X&ved=2ahUKEwiiyr7V89v8AhU5hv0HHZ17ArQQ_BJ6BQiFARA : 26 new reviews
2023-01-26 00:15:13,879 - INFO - https://www.google.com/maps/place/Super+Bro's/@50.1217539,8.6802749,15z/data=!4m2!3m1!1s0x0:0xc088ec1873216106?sa=X&ved=2ahUKEwiiyr7V89v8AhU5hv0HHZ17ArQQ_BJ6BQiFARA : 26 new reviews
2023-01-26 00:15:13,879 - INFO - https://www.google.com/maps/place/Super+Bro's/@50.1217539,8.6802749,15z/data=!4m2!3m1!1s0x0:0xc088ec1873216106?sa=X&ved=2ahUKEwiiyr7V89v8AhU5hv0HHZ17ArQQ_BJ6BQiFARA : 26 new reviews
2023-01-26 00:15:13,879 - INFO - https://www.google.com/maps/place/Super+Bro's/@50.1217539,8.6802749,15z/data=!4m2!3m1!1s0x0:0xc088ec1873216106?sa=X&ved=2ahUKEwiiyr7V89v8AhU5hv0HHZ17ArQQ_BJ6BQiFARA : 26 new reviews
2023-01-26 00:15:13,879 - INFO - https://www.google.com/maps/place/Super+Bro's/@50.1217539,8.6802749,15z/data=!4m2!3m1!1s0x0:0xc088ec1873216106?sa=X&ved=2ahUKEwiiyr7V89v8AhU5hv0HHZ17ArQQ_BJ6BQiFARA : 26 new reviews
2023-01-26 00:15:13,879 - INFO - https://www.google.com/maps/place/Super+Bro's/@50.1217539,8.6802749,15z/data=!4m2!3m1!1s0x0:0xc088ec1873216106?sa=X&ved=2ahUKEwiiyr7V89v8AhU5hv0HHZ17ArQQ_BJ6BQiFARA : 26 new reviews
2023-01-26 00:15:13,879 - INFO - https://www.google.com/maps/place/Super+Bro's/@50.1217539,8.6802749,15z/data=!4m2!3m1!1s0x0:0xc088ec1873216106?sa=X&ved=2ahUKEwiiyr7V89v8AhU5hv0HHZ17ArQQ_BJ6BQiFARA : 26 new reviews
2023-01-26 00:15:13,879 - INFO - https://www.google.com/maps/place/Super+Bro's/@50.1217539,8.6802749,15z/data=!4m2!3m1!1s0x0:0xc088ec1873216106?sa=X&ved=2ahUKEwiiyr7V89v8AhU5hv0HHZ17ArQQ_BJ6BQiFARA : 26 new reviews
2023-01-26 00:15:13,879 - INFO - https://www.google.com/maps/place/Super+Bro's/@50.1217539,8.6802749,15z/data=!4m2!3m1!1s0x0:0xc088ec1873216106?sa=X&ved=2ahUKEwiiyr7V89v8AhU5hv0HHZ17ArQQ_BJ6BQiFARA : 26 new reviews
2023-01-26 00:15:13,879 - INFO - https://www.google.com/maps/place/Super+Bro's/@50.1217539,8.6802749,15z/data=!4m2!3m1!1s0x0:0xc088ec1873216106?sa=X&ved=2ahUKEwiiyr7V89v8AhU5hv0HHZ17ArQQ_BJ6BQiFARA : 26 new reviews
2023-01-26 00:15:13,879 - INFO - https://www.google.com/maps/place/Super+Bro's/@50.1217539,8.6802749,15z/data=!4m2!3m1!1s0x0:0xc088ec1873216106?sa=X&ved=2ahUKEwiiyr7V89v8AhU5hv0HHZ17ArQQ_BJ6BQiFARA : 26 new reviews
2023-01-26 00:15:13,879 - INFO - https://www.google.com/maps/place/Super+Bro's/@50.1217539,8.6802749,15z/data=!4m2!3m1!1s0x0:0xc088ec1873216106?sa=X&ved=2ahUKEwiiyr7V89v8AhU5hv0HHZ17ArQQ_BJ6BQiFARA : 26 new reviews
2023-01-26 00:15:13,879 - INFO - https://www.google.com/maps/place/Super+Bro's/@50.1217539,8.6802749,15z/data=!4m2!3m1!1s0x0:0xc088ec1873216106?sa=X&ved=2ahUKEwiiyr7V89v8AhU5hv0HHZ17ArQQ_BJ6BQiFARA : 26 new reviews
2023-01-26 00:15:13,879 - INFO - https://www.google.com/maps/place/Super+Bro's/@50.1217539,8.6802749,15z/data=!4m2!3m1!1s0x0:0xc088ec1873216106?sa=X&ved=2ahUKEwiiyr7V89v8AhU5hv0HHZ17ArQQ_BJ6BQiFARA : 26 new reviews
2023-01-26 00:15:13,879 - INFO - https://www.google.com/maps/place/Super+Bro's/@50.1217539,8.6802749,15z/data=!4m2!3m1!1s0x0:0xc088ec1873216106?sa=X&ved=2ahUKEwiiyr7V89v8AhU5hv0HHZ17ArQQ_BJ6BQiFARA : 26 new reviews
2023-01-26 00:22:45,775 - WARNING - Sorting reviews failed for https://www.google.com/maps/place/Super+Bro's/@50.1217539,8.6802749,15z/data=!4m2!3m1!1s0x0:0xc088ec1873216106?sa=X&ved=2ahUKEwiiyr7V89v8AhU5hv0HHZ17ArQQ_BJ6BQiFARA
2023-01-26 00:22:45,775 - WARNING - Sorting reviews failed for https://www.google.com/maps/place/Super+Bro's/@50.1217539,8.6802749,15z/data=!4m2!3m1!1s0x0:0xc088ec1873216106?sa=X&ved=2ahUKEwiiyr7V89v8AhU5hv0HHZ17ArQQ_BJ6BQiFARA
2023-01-26 00:22:45,775 - WARNING - Sorting reviews failed for https://www.google.com/maps/place/Super+Bro's/@50.1217539,8.6802749,15z/data=!4m2!3m1!1s0x0:0xc088ec1873216106?sa=X&ved=2ahUKEwiiyr7V89v8AhU5hv0HHZ17ArQQ_BJ6BQiFARA
2023-01-26 00:22:45,775 - WARNING - Sorting reviews failed for https://www.google.com/maps/place/Super+Bro's/@50.1217539,8.6802749,15z/data=!4m2!3m1!1s0x0:0xc088ec1873216106?sa=X&ved=2ahUKEwiiyr7V89v8AhU5hv0HHZ17ArQQ_BJ6BQiFARA
2023-01-26 00:22:45,775 - WARNING - Sorting reviews failed for https://www.google.com/maps/place/Super+Bro's/@50.1217539,8.6802749,15z/data=!4m2!3m1!1s0x0:0xc088ec1873216106?sa=X&ved=2ahUKEwiiyr7V89v8AhU5hv0HHZ17ArQQ_BJ6BQiFARA
2023-01-26 00:22:45,775 - WARNING - Sorting reviews failed for https://www.google.com/maps/place/Super+Bro's/@50.1217539,8.6802749,15z/data=!4m2!3m1!1s0x0:0xc088ec1873216106?sa=X&ved=2ahUKEwiiyr7V89v8AhU5hv0HHZ17ArQQ_BJ6BQiFARA
2023-01-26 00:22:45,775 - WARNING - Sorting reviews failed for https://www.google.com/maps/place/Super+Bro's/@50.1217539,8.6802749,15z/data=!4m2!3m1!1s0x0:0xc088ec1873216106?sa=X&ved=2ahUKEwiiyr7V89v8AhU5hv0HHZ17ArQQ_BJ6BQiFARA
2023-01-26 00:22:45,775 - WARNING - Sorting reviews failed for https://www.google.com/maps/place/Super+Bro's/@50.1217539,8.6802749,15z/data=!4m2!3m1!1s0x0:0xc088ec1873216106?sa=X&ved=2ahUKEwiiyr7V89v8AhU5hv0HHZ17ArQQ_BJ6BQiFARA
2023-01-26 00:22:45,775 - WARNING - Sorting reviews failed for https://www.google.com/maps/place/Super+Bro's/@50.1217539,8.6802749,15z/data=!4m2!3m1!1s0x0:0xc088ec1873216106?sa=X&ved=2ahUKEwiiyr7V89v8AhU5hv0HHZ17ArQQ_BJ6BQiFARA
2023-01-26 00:22:45,775 - WARNING - Sorting reviews failed for https://www.google.com/maps/place/Super+Bro's/@50.1217539,8.6802749,15z/data=!4m2!3m1!1s0x0:0xc088ec1873216106?sa=X&ved=2ahUKEwiiyr7V89v8AhU5hv0HHZ17ArQQ_BJ6BQiFARA
2023-01-26 00:22:45,775 - WARNING - Sorting reviews failed for https://www.google.com/maps/place/Super+Bro's/@50.1217539,8.6802749,15z/data=!4m2!3m1!1s0x0:0xc088ec1873216106?sa=X&ved=2ahUKEwiiyr7V89v8AhU5hv0HHZ17ArQQ_BJ6BQiFARA
2023-01-26 00:22:45,775 - WARNING - Sorting reviews failed for https://www.google.com/maps/place/Super+Bro's/@50.1217539,8.6802749,15z/data=!4m2!3m1!1s0x0:0xc088ec1873216106?sa=X&ved=2ahUKEwiiyr7V89v8AhU5hv0HHZ17ArQQ_BJ6BQiFARA
2023-01-26 00:22:45,775 - WARNING - Sorting reviews failed for https://www.google.com/maps/place/Super+Bro's/@50.1217539,8.6802749,15z/data=!4m2!3m1!1s0x0:0xc088ec1873216106?sa=X&ved=2ahUKEwiiyr7V89v8AhU5hv0HHZ17ArQQ_BJ6BQiFARA
2023-01-26 00:22:45,775 - WARNING - Sorting reviews failed for https://www.google.com/maps/place/Super+Bro's/@50.1217539,8.6802749,15z/data=!4m2!3m1!1s0x0:0xc088ec1873216106?sa=X&ved=2ahUKEwiiyr7V89v8AhU5hv0HHZ17ArQQ_BJ6BQiFARA
2023-01-26 00:22:45,775 - WARNING - Sorting reviews failed for https://www.google.com/maps/place/Super+Bro's/@50.1217539,8.6802749,15z/data=!4m2!3m1!1s0x0:0xc088ec1873216106?sa=X&ved=2ahUKEwiiyr7V89v8AhU5hv0HHZ17ArQQ_BJ6BQiFARA
2023-01-26 00:22:45,775 - WARNING - Sorting reviews failed for https://www.google.com/maps/place/Super+Bro's/@50.1217539,8.6802749,15z/data=!4m2!3m1!1s0x0:0xc088ec1873216106?sa=X&ved=2ahUKEwiiyr7V89v8AhU5hv0HHZ17ArQQ_BJ6BQiFARA
2023-01-26 00:24:44,663 - INFO - https://www.google.com/maps/place/Super+Bro's/@50.1217539,8.6802749,15z/data=!4m2!3m1!1s0x0:0xc088ec1873216106?sa=X&ved=2ahUKEwiiyr7V89v8AhU5hv0HHZ17ArQQ_BJ6BQiFARA : 26 new reviews
2023-01-26 00:24:44,663 - INFO - https://www.google.com/maps/place/Super+Bro's/@50.1217539,8.6802749,15z/data=!4m2!3m1!1s0x0:0xc088ec1873216106?sa=X&ved=2ahUKEwiiyr7V89v8AhU5hv0HHZ17ArQQ_BJ6BQiFARA : 26 new reviews
2023-01-26 00:24:44,663 - INFO - https://www.google.com/maps/place/Super+Bro's/@50.1217539,8.6802749,15z/data=!4m2!3m1!1s0x0:0xc088ec1873216106?sa=X&ved=2ahUKEwiiyr7V89v8AhU5hv0HHZ17ArQQ_BJ6BQiFARA : 26 new reviews
2023-01-26 00:24:44,663 - INFO - https://www.google.com/maps/place/Super+Bro's/@50.1217539,8.6802749,15z/data=!4m2!3m1!1s0x0:0xc088ec1873216106?sa=X&ved=2ahUKEwiiyr7V89v8AhU5hv0HHZ17ArQQ_BJ6BQiFARA : 26 new reviews
2023-01-26 00:24:44,663 - INFO - https://www.google.com/maps/place/Super+Bro's/@50.1217539,8.6802749,15z/data=!4m2!3m1!1s0x0:0xc088ec1873216106?sa=X&ved=2ahUKEwiiyr7V89v8AhU5hv0HHZ17ArQQ_BJ6BQiFARA : 26 new reviews
2023-01-26 00:24:44,663 - INFO - https://www.google.com/maps/place/Super+Bro's/@50.1217539,8.6802749,15z/data=!4m2!3m1!1s0x0:0xc088ec1873216106?sa=X&ved=2ahUKEwiiyr7V89v8AhU5hv0HHZ17ArQQ_BJ6BQiFARA : 26 new reviews
2023-01-26 00:24:44,663 - INFO - https://www.google.com/maps/place/Super+Bro's/@50.1217539,8.6802749,15z/data=!4m2!3m1!1s0x0:0xc088ec1873216106?sa=X&ved=2ahUKEwiiyr7V89v8AhU5hv0HHZ17ArQQ_BJ6BQiFARA : 26 new reviews
2023-01-26 00:24:44,663 - INFO - https://www.google.com/maps/place/Super+Bro's/@50.1217539,8.6802749,15z/data=!4m2!3m1!1s0x0:0xc088ec1873216106?sa=X&ved=2ahUKEwiiyr7V89v8AhU5hv0HHZ17ArQQ_BJ6BQiFARA : 26 new reviews
2023-01-26 00:24:44,663 - INFO - https://www.google.com/maps/place/Super+Bro's/@50.1217539,8.6802749,15z/data=!4m2!3m1!1s0x0:0xc088ec1873216106?sa=X&ved=2ahUKEwiiyr7V89v8AhU5hv0HHZ17ArQQ_BJ6BQiFARA : 26 new reviews
2023-01-26 00:24:44,663 - INFO - https://www.google.com/maps/place/Super+Bro's/@50.1217539,8.6802749,15z/data=!4m2!3m1!1s0x0:0xc088ec1873216106?sa=X&ved=2ahUKEwiiyr7V89v8AhU5hv0HHZ17ArQQ_BJ6BQiFARA : 26 new reviews
2023-01-26 00:24:44,663 - INFO - https://www.google.com/maps/place/Super+Bro's/@50.1217539,8.6802749,15z/data=!4m2!3m1!1s0x0:0xc088ec1873216106?sa=X&ved=2ahUKEwiiyr7V89v8AhU5hv0HHZ17ArQQ_BJ6BQiFARA : 26 new reviews
2023-01-26 00:24:44,663 - INFO - https://www.google.com/maps/place/Super+Bro's/@50.1217539,8.6802749,15z/data=!4m2!3m1!1s0x0:0xc088ec1873216106?sa=X&ved=2ahUKEwiiyr7V89v8AhU5hv0HHZ17ArQQ_BJ6BQiFARA : 26 new reviews
2023-01-26 00:24:44,663 - INFO - https://www.google.com/maps/place/Super+Bro's/@50.1217539,8.6802749,15z/data=!4m2!3m1!1s0x0:0xc088ec1873216106?sa=X&ved=2ahUKEwiiyr7V89v8AhU5hv0HHZ17ArQQ_BJ6BQiFARA : 26 new reviews
2023-01-26 00:24:44,663 - INFO - https://www.google.com/maps/place/Super+Bro's/@50.1217539,8.6802749,15z/data=!4m2!3m1!1s0x0:0xc088ec1873216106?sa=X&ved=2ahUKEwiiyr7V89v8AhU5hv0HHZ17ArQQ_BJ6BQiFARA : 26 new reviews
2023-01-26 00:24:44,663 - INFO - https://www.google.com/maps/place/Super+Bro's/@50.1217539,8.6802749,15z/data=!4m2!3m1!1s0x0:0xc088ec1873216106?sa=X&ved=2ahUKEwiiyr7V89v8AhU5hv0HHZ17ArQQ_BJ6BQiFARA : 26 new reviews
2023-01-26 00:24:44,663 - INFO - https://www.google.com/maps/place/Super+Bro's/@50.1217539,8.6802749,15z/data=!4m2!3m1!1s0x0:0xc088ec1873216106?sa=X&ved=2ahUKEwiiyr7V89v8AhU5hv0HHZ17ArQQ_BJ6BQiFARA : 26 new reviews
2023-01-26 00:24:44,663 - INFO - https://www.google.com/maps/place/Super+Bro's/@50.1217539,8.6802749,15z/data=!4m2!3m1!1s0x0:0xc088ec1873216106?sa=X&ved=2ahUKEwiiyr7V89v8AhU5hv0HHZ17ArQQ_BJ6BQiFARA : 26 new reviews
2023-01-26 00:29:27,614 - INFO - https://www.google.com/maps/place/Super+Bro's/@50.1217539,8.6802749,15z/data=!4m2!3m1!1s0x0:0xc088ec1873216106?sa=X&ved=2ahUKEwiiyr7V89v8AhU5hv0HHZ17ArQQ_BJ6BQiFARA : 26 new reviews
2023-01-26 00:29:27,614 - INFO - https://www.google.com/maps/place/Super+Bro's/@50.1217539,8.6802749,15z/data=!4m2!3m1!1s0x0:0xc088ec1873216106?sa=X&ved=2ahUKEwiiyr7V89v8AhU5hv0HHZ17ArQQ_BJ6BQiFARA : 26 new reviews
2023-01-26 00:29:27,614 - INFO - https://www.google.com/maps/place/Super+Bro's/@50.1217539,8.6802749,15z/data=!4m2!3m1!1s0x0:0xc088ec1873216106?sa=X&ved=2ahUKEwiiyr7V89v8AhU5hv0HHZ17ArQQ_BJ6BQiFARA : 26 new reviews
2023-01-26 00:29:27,614 - INFO - https://www.google.com/maps/place/Super+Bro's/@50.1217539,8.6802749,15z/data=!4m2!3m1!1s0x0:0xc088ec1873216106?sa=X&ved=2ahUKEwiiyr7V89v8AhU5hv0HHZ17ArQQ_BJ6BQiFARA : 26 new reviews
2023-01-26 00:29:27,614 - INFO - https://www.google.com/maps/place/Super+Bro's/@50.1217539,8.6802749,15z/data=!4m2!3m1!1s0x0:0xc088ec1873216106?sa=X&ved=2ahUKEwiiyr7V89v8AhU5hv0HHZ17ArQQ_BJ6BQiFARA : 26 new reviews
2023-01-26 00:29:27,614 - INFO - https://www.google.com/maps/place/Super+Bro's/@50.1217539,8.6802749,15z/data=!4m2!3m1!1s0x0:0xc088ec1873216106?sa=X&ved=2ahUKEwiiyr7V89v8AhU5hv0HHZ17ArQQ_BJ6BQiFARA : 26 new reviews
2023-01-26 00:29:27,614 - INFO - https://www.google.com/maps/place/Super+Bro's/@50.1217539,8.6802749,15z/data=!4m2!3m1!1s0x0:0xc088ec1873216106?sa=X&ved=2ahUKEwiiyr7V89v8AhU5hv0HHZ17ArQQ_BJ6BQiFARA : 26 new reviews
2023-01-26 00:29:27,614 - INFO - https://www.google.com/maps/place/Super+Bro's/@50.1217539,8.6802749,15z/data=!4m2!3m1!1s0x0:0xc088ec1873216106?sa=X&ved=2ahUKEwiiyr7V89v8AhU5hv0HHZ17ArQQ_BJ6BQiFARA : 26 new reviews
2023-01-26 00:29:27,614 - INFO - https://www.google.com/maps/place/Super+Bro's/@50.1217539,8.6802749,15z/data=!4m2!3m1!1s0x0:0xc088ec1873216106?sa=X&ved=2ahUKEwiiyr7V89v8AhU5hv0HHZ17ArQQ_BJ6BQiFARA : 26 new reviews
2023-01-26 00:29:27,614 - INFO - https://www.google.com/maps/place/Super+Bro's/@50.1217539,8.6802749,15z/data=!4m2!3m1!1s0x0:0xc088ec1873216106?sa=X&ved=2ahUKEwiiyr7V89v8AhU5hv0HHZ17ArQQ_BJ6BQiFARA : 26 new reviews
2023-01-26 00:29:27,614 - INFO - https://www.google.com/maps/place/Super+Bro's/@50.1217539,8.6802749,15z/data=!4m2!3m1!1s0x0:0xc088ec1873216106?sa=X&ved=2ahUKEwiiyr7V89v8AhU5hv0HHZ17ArQQ_BJ6BQiFARA : 26 new reviews
2023-01-26 00:29:27,614 - INFO - https://www.google.com/maps/place/Super+Bro's/@50.1217539,8.6802749,15z/data=!4m2!3m1!1s0x0:0xc088ec1873216106?sa=X&ved=2ahUKEwiiyr7V89v8AhU5hv0HHZ17ArQQ_BJ6BQiFARA : 26 new reviews
2023-01-26 00:29:27,614 - INFO - https://www.google.com/maps/place/Super+Bro's/@50.1217539,8.6802749,15z/data=!4m2!3m1!1s0x0:0xc088ec1873216106?sa=X&ved=2ahUKEwiiyr7V89v8AhU5hv0HHZ17ArQQ_BJ6BQiFARA : 26 new reviews
2023-01-26 00:29:27,614 - INFO - https://www.google.com/maps/place/Super+Bro's/@50.1217539,8.6802749,15z/data=!4m2!3m1!1s0x0:0xc088ec1873216106?sa=X&ved=2ahUKEwiiyr7V89v8AhU5hv0HHZ17ArQQ_BJ6BQiFARA : 26 new reviews
2023-01-26 00:29:27,614 - INFO - https://www.google.com/maps/place/Super+Bro's/@50.1217539,8.6802749,15z/data=!4m2!3m1!1s0x0:0xc088ec1873216106?sa=X&ved=2ahUKEwiiyr7V89v8AhU5hv0HHZ17ArQQ_BJ6BQiFARA : 26 new reviews
2023-01-26 00:29:27,614 - INFO - https://www.google.com/maps/place/Super+Bro's/@50.1217539,8.6802749,15z/data=!4m2!3m1!1s0x0:0xc088ec1873216106?sa=X&ved=2ahUKEwiiyr7V89v8AhU5hv0HHZ17ArQQ_BJ6BQiFARA : 26 new reviews
2023-01-26 00:29:27,614 - INFO - https://www.google.com/maps/place/Super+Bro's/@50.1217539,8.6802749,15z/data=!4m2!3m1!1s0x0:0xc088ec1873216106?sa=X&ved=2ahUKEwiiyr7V89v8AhU5hv0HHZ17ArQQ_BJ6BQiFARA : 26 new reviews
2023-01-26 00:29:27,614 - INFO - https://www.google.com/maps/place/Super+Bro's/@50.1217539,8.6802749,15z/data=!4m2!3m1!1s0x0:0xc088ec1873216106?sa=X&ved=2ahUKEwiiyr7V89v8AhU5hv0HHZ17ArQQ_BJ6BQiFARA : 26 new reviews
2023-01-26 00:33:10,597 - INFO - https://www.google.com/maps/place/Super+Bro's/@50.1217539,8.6802749,15z/data=!4m2!3m1!1s0x0:0xc088ec1873216106?sa=X&ved=2ahUKEwiiyr7V89v8AhU5hv0HHZ17ArQQ_BJ6BQiFARA : 26 new reviews
2023-01-26 00:33:10,597 - INFO - https://www.google.com/maps/place/Super+Bro's/@50.1217539,8.6802749,15z/data=!4m2!3m1!1s0x0:0xc088ec1873216106?sa=X&ved=2ahUKEwiiyr7V89v8AhU5hv0HHZ17ArQQ_BJ6BQiFARA : 26 new reviews
2023-01-26 00:33:10,597 - INFO - https://www.google.com/maps/place/Super+Bro's/@50.1217539,8.6802749,15z/data=!4m2!3m1!1s0x0:0xc088ec1873216106?sa=X&ved=2ahUKEwiiyr7V89v8AhU5hv0HHZ17ArQQ_BJ6BQiFARA : 26 new reviews
2023-01-26 00:33:10,597 - INFO - https://www.google.com/maps/place/Super+Bro's/@50.1217539,8.6802749,15z/data=!4m2!3m1!1s0x0:0xc088ec1873216106?sa=X&ved=2ahUKEwiiyr7V89v8AhU5hv0HHZ17ArQQ_BJ6BQiFARA : 26 new reviews
2023-01-26 00:33:10,597 - INFO - https://www.google.com/maps/place/Super+Bro's/@50.1217539,8.6802749,15z/data=!4m2!3m1!1s0x0:0xc088ec1873216106?sa=X&ved=2ahUKEwiiyr7V89v8AhU5hv0HHZ17ArQQ_BJ6BQiFARA : 26 new reviews
2023-01-26 00:33:10,597 - INFO - https://www.google.com/maps/place/Super+Bro's/@50.1217539,8.6802749,15z/data=!4m2!3m1!1s0x0:0xc088ec1873216106?sa=X&ved=2ahUKEwiiyr7V89v8AhU5hv0HHZ17ArQQ_BJ6BQiFARA : 26 new reviews
2023-01-26 00:33:10,597 - INFO - https://www.google.com/maps/place/Super+Bro's/@50.1217539,8.6802749,15z/data=!4m2!3m1!1s0x0:0xc088ec1873216106?sa=X&ved=2ahUKEwiiyr7V89v8AhU5hv0HHZ17ArQQ_BJ6BQiFARA : 26 new reviews
2023-01-26 00:33:10,597 - INFO - https://www.google.com/maps/place/Super+Bro's/@50.1217539,8.6802749,15z/data=!4m2!3m1!1s0x0:0xc088ec1873216106?sa=X&ved=2ahUKEwiiyr7V89v8AhU5hv0HHZ17ArQQ_BJ6BQiFARA : 26 new reviews
2023-01-26 00:33:10,597 - INFO - https://www.google.com/maps/place/Super+Bro's/@50.1217539,8.6802749,15z/data=!4m2!3m1!1s0x0:0xc088ec1873216106?sa=X&ved=2ahUKEwiiyr7V89v8AhU5hv0HHZ17ArQQ_BJ6BQiFARA : 26 new reviews
2023-01-26 00:33:10,597 - INFO - https://www.google.com/maps/place/Super+Bro's/@50.1217539,8.6802749,15z/data=!4m2!3m1!1s0x0:0xc088ec1873216106?sa=X&ved=2ahUKEwiiyr7V89v8AhU5hv0HHZ17ArQQ_BJ6BQiFARA : 26 new reviews
2023-01-26 00:33:10,597 - INFO - https://www.google.com/maps/place/Super+Bro's/@50.1217539,8.6802749,15z/data=!4m2!3m1!1s0x0:0xc088ec1873216106?sa=X&ved=2ahUKEwiiyr7V89v8AhU5hv0HHZ17ArQQ_BJ6BQiFARA : 26 new reviews
2023-01-26 00:33:10,597 - INFO - https://www.google.com/maps/place/Super+Bro's/@50.1217539,8.6802749,15z/data=!4m2!3m1!1s0x0:0xc088ec1873216106?sa=X&ved=2ahUKEwiiyr7V89v8AhU5hv0HHZ17ArQQ_BJ6BQiFARA : 26 new reviews
2023-01-26 00:33:10,597 - INFO - https://www.google.com/maps/place/Super+Bro's/@50.1217539,8.6802749,15z/data=!4m2!3m1!1s0x0:0xc088ec1873216106?sa=X&ved=2ahUKEwiiyr7V89v8AhU5hv0HHZ17ArQQ_BJ6BQiFARA : 26 new reviews
2023-01-26 00:33:10,597 - INFO - https://www.google.com/maps/place/Super+Bro's/@50.1217539,8.6802749,15z/data=!4m2!3m1!1s0x0:0xc088ec1873216106?sa=X&ved=2ahUKEwiiyr7V89v8AhU5hv0HHZ17ArQQ_BJ6BQiFARA : 26 new reviews
2023-01-26 00:33:10,597 - INFO - https://www.google.com/maps/place/Super+Bro's/@50.1217539,8.6802749,15z/data=!4m2!3m1!1s0x0:0xc088ec1873216106?sa=X&ved=2ahUKEwiiyr7V89v8AhU5hv0HHZ17ArQQ_BJ6BQiFARA : 26 new reviews
2023-01-26 00:33:10,597 - INFO - https://www.google.com/maps/place/Super+Bro's/@50.1217539,8.6802749,15z/data=!4m2!3m1!1s0x0:0xc088ec1873216106?sa=X&ved=2ahUKEwiiyr7V89v8AhU5hv0HHZ17ArQQ_BJ6BQiFARA : 26 new reviews
2023-01-26 00:33:10,597 - INFO - https://www.google.com/maps/place/Super+Bro's/@50.1217539,8.6802749,15z/data=!4m2!3m1!1s0x0:0xc088ec1873216106?sa=X&ved=2ahUKEwiiyr7V89v8AhU5hv0HHZ17ArQQ_BJ6BQiFARA : 26 new reviews
2023-01-26 00:33:10,597 - INFO - https://www.google.com/maps/place/Super+Bro's/@50.1217539,8.6802749,15z/data=!4m2!3m1!1s0x0:0xc088ec1873216106?sa=X&ved=2ahUKEwiiyr7V89v8AhU5hv0HHZ17ArQQ_BJ6BQiFARA : 26 new reviews
2023-01-26 00:33:10,597 - INFO - https://www.google.com/maps/place/Super+Bro's/@50.1217539,8.6802749,15z/data=!4m2!3m1!1s0x0:0xc088ec1873216106?sa=X&ved=2ahUKEwiiyr7V89v8AhU5hv0HHZ17ArQQ_BJ6BQiFARA : 26 new reviews
2023-01-26 00:37:07,158 - INFO - https://www.google.com/maps/place/Super+Bro's/@50.1217539,8.6802749,15z/data=!4m2!3m1!1s0x0:0xc088ec1873216106?sa=X&ved=2ahUKEwiiyr7V89v8AhU5hv0HHZ17ArQQ_BJ6BQiFARA : 26 new reviews
2023-01-26 00:37:07,158 - INFO - https://www.google.com/maps/place/Super+Bro's/@50.1217539,8.6802749,15z/data=!4m2!3m1!1s0x0:0xc088ec1873216106?sa=X&ved=2ahUKEwiiyr7V89v8AhU5hv0HHZ17ArQQ_BJ6BQiFARA : 26 new reviews
2023-01-26 00:37:07,158 - INFO - https://www.google.com/maps/place/Super+Bro's/@50.1217539,8.6802749,15z/data=!4m2!3m1!1s0x0:0xc088ec1873216106?sa=X&ved=2ahUKEwiiyr7V89v8AhU5hv0HHZ17ArQQ_BJ6BQiFARA : 26 new reviews
2023-01-26 00:37:07,158 - INFO - https://www.google.com/maps/place/Super+Bro's/@50.1217539,8.6802749,15z/data=!4m2!3m1!1s0x0:0xc088ec1873216106?sa=X&ved=2ahUKEwiiyr7V89v8AhU5hv0HHZ17ArQQ_BJ6BQiFARA : 26 new reviews
2023-01-26 00:37:07,158 - INFO - https://www.google.com/maps/place/Super+Bro's/@50.1217539,8.6802749,15z/data=!4m2!3m1!1s0x0:0xc088ec1873216106?sa=X&ved=2ahUKEwiiyr7V89v8AhU5hv0HHZ17ArQQ_BJ6BQiFARA : 26 new reviews
2023-01-26 00:37:07,158 - INFO - https://www.google.com/maps/place/Super+Bro's/@50.1217539,8.6802749,15z/data=!4m2!3m1!1s0x0:0xc088ec1873216106?sa=X&ved=2ahUKEwiiyr7V89v8AhU5hv0HHZ17ArQQ_BJ6BQiFARA : 26 new reviews
2023-01-26 00:37:07,158 - INFO - https://www.google.com/maps/place/Super+Bro's/@50.1217539,8.6802749,15z/data=!4m2!3m1!1s0x0:0xc088ec1873216106?sa=X&ved=2ahUKEwiiyr7V89v8AhU5hv0HHZ17ArQQ_BJ6BQiFARA : 26 new reviews
2023-01-26 00:37:07,158 - INFO - https://www.google.com/maps/place/Super+Bro's/@50.1217539,8.6802749,15z/data=!4m2!3m1!1s0x0:0xc088ec1873216106?sa=X&ved=2ahUKEwiiyr7V89v8AhU5hv0HHZ17ArQQ_BJ6BQiFARA : 26 new reviews
2023-01-26 00:37:07,158 - INFO - https://www.google.com/maps/place/Super+Bro's/@50.1217539,8.6802749,15z/data=!4m2!3m1!1s0x0:0xc088ec1873216106?sa=X&ved=2ahUKEwiiyr7V89v8AhU5hv0HHZ17ArQQ_BJ6BQiFARA : 26 new reviews
2023-01-26 00:37:07,158 - INFO - https://www.google.com/maps/place/Super+Bro's/@50.1217539,8.6802749,15z/data=!4m2!3m1!1s0x0:0xc088ec1873216106?sa=X&ved=2ahUKEwiiyr7V89v8AhU5hv0HHZ17ArQQ_BJ6BQiFARA : 26 new reviews
2023-01-26 00:37:07,158 - INFO - https://www.google.com/maps/place/Super+Bro's/@50.1217539,8.6802749,15z/data=!4m2!3m1!1s0x0:0xc088ec1873216106?sa=X&ved=2ahUKEwiiyr7V89v8AhU5hv0HHZ17ArQQ_BJ6BQiFARA : 26 new reviews
2023-01-26 00:37:07,158 - INFO - https://www.google.com/maps/place/Super+Bro's/@50.1217539,8.6802749,15z/data=!4m2!3m1!1s0x0:0xc088ec1873216106?sa=X&ved=2ahUKEwiiyr7V89v8AhU5hv0HHZ17ArQQ_BJ6BQiFARA : 26 new reviews
2023-01-26 00:37:07,158 - INFO - https://www.google.com/maps/place/Super+Bro's/@50.1217539,8.6802749,15z/data=!4m2!3m1!1s0x0:0xc088ec1873216106?sa=X&ved=2ahUKEwiiyr7V89v8AhU5hv0HHZ17ArQQ_BJ6BQiFARA : 26 new reviews
2023-01-26 00:37:07,158 - INFO - https://www.google.com/maps/place/Super+Bro's/@50.1217539,8.6802749,15z/data=!4m2!3m1!1s0x0:0xc088ec1873216106?sa=X&ved=2ahUKEwiiyr7V89v8AhU5hv0HHZ17ArQQ_BJ6BQiFARA : 26 new reviews
2023-01-26 00:37:07,158 - INFO - https://www.google.com/maps/place/Super+Bro's/@50.1217539,8.6802749,15z/data=!4m2!3m1!1s0x0:0xc088ec1873216106?sa=X&ved=2ahUKEwiiyr7V89v8AhU5hv0HHZ17ArQQ_BJ6BQiFARA : 26 new reviews
2023-01-26 00:37:07,158 - INFO - https://www.google.com/maps/place/Super+Bro's/@50.1217539,8.6802749,15z/data=!4m2!3m1!1s0x0:0xc088ec1873216106?sa=X&ved=2ahUKEwiiyr7V89v8AhU5hv0HHZ17ArQQ_BJ6BQiFARA : 26 new reviews
2023-01-26 00:37:07,158 - INFO - https://www.google.com/maps/place/Super+Bro's/@50.1217539,8.6802749,15z/data=!4m2!3m1!1s0x0:0xc088ec1873216106?sa=X&ved=2ahUKEwiiyr7V89v8AhU5hv0HHZ17ArQQ_BJ6BQiFARA : 26 new reviews
2023-01-26 00:37:07,158 - INFO - https://www.google.com/maps/place/Super+Bro's/@50.1217539,8.6802749,15z/data=!4m2!3m1!1s0x0:0xc088ec1873216106?sa=X&ved=2ahUKEwiiyr7V89v8AhU5hv0HHZ17ArQQ_BJ6BQiFARA : 26 new reviews
2023-01-26 00:37:07,158 - INFO - https://www.google.com/maps/place/Super+Bro's/@50.1217539,8.6802749,15z/data=!4m2!3m1!1s0x0:0xc088ec1873216106?sa=X&ved=2ahUKEwiiyr7V89v8AhU5hv0HHZ17ArQQ_BJ6BQiFARA : 26 new reviews
2023-01-26 00:37:07,158 - INFO - https://www.google.com/maps/place/Super+Bro's/@50.1217539,8.6802749,15z/data=!4m2!3m1!1s0x0:0xc088ec1873216106?sa=X&ved=2ahUKEwiiyr7V89v8AhU5hv0HHZ17ArQQ_BJ6BQiFARA : 26 new reviews
2023-01-26 00:42:29,674 - INFO - https://www.google.com/maps/place/Super+Bro's/@50.1217539,8.6802749,15z/data=!4m2!3m1!1s0x0:0xc088ec1873216106?sa=X&ved=2ahUKEwiiyr7V89v8AhU5hv0HHZ17ArQQ_BJ6BQiFARA : 26 new reviews
2023-01-26 00:42:29,674 - INFO - https://www.google.com/maps/place/Super+Bro's/@50.1217539,8.6802749,15z/data=!4m2!3m1!1s0x0:0xc088ec1873216106?sa=X&ved=2ahUKEwiiyr7V89v8AhU5hv0HHZ17ArQQ_BJ6BQiFARA : 26 new reviews
2023-01-26 00:42:29,674 - INFO - https://www.google.com/maps/place/Super+Bro's/@50.1217539,8.6802749,15z/data=!4m2!3m1!1s0x0:0xc088ec1873216106?sa=X&ved=2ahUKEwiiyr7V89v8AhU5hv0HHZ17ArQQ_BJ6BQiFARA : 26 new reviews
2023-01-26 00:42:29,674 - INFO - https://www.google.com/maps/place/Super+Bro's/@50.1217539,8.6802749,15z/data=!4m2!3m1!1s0x0:0xc088ec1873216106?sa=X&ved=2ahUKEwiiyr7V89v8AhU5hv0HHZ17ArQQ_BJ6BQiFARA : 26 new reviews
2023-01-26 00:42:29,674 - INFO - https://www.google.com/maps/place/Super+Bro's/@50.1217539,8.6802749,15z/data=!4m2!3m1!1s0x0:0xc088ec1873216106?sa=X&ved=2ahUKEwiiyr7V89v8AhU5hv0HHZ17ArQQ_BJ6BQiFARA : 26 new reviews
2023-01-26 00:42:29,674 - INFO - https://www.google.com/maps/place/Super+Bro's/@50.1217539,8.6802749,15z/data=!4m2!3m1!1s0x0:0xc088ec1873216106?sa=X&ved=2ahUKEwiiyr7V89v8AhU5hv0HHZ17ArQQ_BJ6BQiFARA : 26 new reviews
2023-01-26 00:42:29,674 - INFO - https://www.google.com/maps/place/Super+Bro's/@50.1217539,8.6802749,15z/data=!4m2!3m1!1s0x0:0xc088ec1873216106?sa=X&ved=2ahUKEwiiyr7V89v8AhU5hv0HHZ17ArQQ_BJ6BQiFARA : 26 new reviews
2023-01-26 00:42:29,674 - INFO - https://www.google.com/maps/place/Super+Bro's/@50.1217539,8.6802749,15z/data=!4m2!3m1!1s0x0:0xc088ec1873216106?sa=X&ved=2ahUKEwiiyr7V89v8AhU5hv0HHZ17ArQQ_BJ6BQiFARA : 26 new reviews
2023-01-26 00:42:29,674 - INFO - https://www.google.com/maps/place/Super+Bro's/@50.1217539,8.6802749,15z/data=!4m2!3m1!1s0x0:0xc088ec1873216106?sa=X&ved=2ahUKEwiiyr7V89v8AhU5hv0HHZ17ArQQ_BJ6BQiFARA : 26 new reviews
2023-01-26 00:42:29,674 - INFO - https://www.google.com/maps/place/Super+Bro's/@50.1217539,8.6802749,15z/data=!4m2!3m1!1s0x0:0xc088ec1873216106?sa=X&ved=2ahUKEwiiyr7V89v8AhU5hv0HHZ17ArQQ_BJ6BQiFARA : 26 new reviews
2023-01-26 00:42:29,674 - INFO - https://www.google.com/maps/place/Super+Bro's/@50.1217539,8.6802749,15z/data=!4m2!3m1!1s0x0:0xc088ec1873216106?sa=X&ved=2ahUKEwiiyr7V89v8AhU5hv0HHZ17ArQQ_BJ6BQiFARA : 26 new reviews
2023-01-26 00:42:29,674 - INFO - https://www.google.com/maps/place/Super+Bro's/@50.1217539,8.6802749,15z/data=!4m2!3m1!1s0x0:0xc088ec1873216106?sa=X&ved=2ahUKEwiiyr7V89v8AhU5hv0HHZ17ArQQ_BJ6BQiFARA : 26 new reviews
2023-01-26 00:42:29,674 - INFO - https://www.google.com/maps/place/Super+Bro's/@50.1217539,8.6802749,15z/data=!4m2!3m1!1s0x0:0xc088ec1873216106?sa=X&ved=2ahUKEwiiyr7V89v8AhU5hv0HHZ17ArQQ_BJ6BQiFARA : 26 new reviews
2023-01-26 00:42:29,674 - INFO - https://www.google.com/maps/place/Super+Bro's/@50.1217539,8.6802749,15z/data=!4m2!3m1!1s0x0:0xc088ec1873216106?sa=X&ved=2ahUKEwiiyr7V89v8AhU5hv0HHZ17ArQQ_BJ6BQiFARA : 26 new reviews
2023-01-26 00:42:29,674 - INFO - https://www.google.com/maps/place/Super+Bro's/@50.1217539,8.6802749,15z/data=!4m2!3m1!1s0x0:0xc088ec1873216106?sa=X&ved=2ahUKEwiiyr7V89v8AhU5hv0HHZ17ArQQ_BJ6BQiFARA : 26 new reviews
2023-01-26 00:42:29,674 - INFO - https://www.google.com/maps/place/Super+Bro's/@50.1217539,8.6802749,15z/data=!4m2!3m1!1s0x0:0xc088ec1873216106?sa=X&ved=2ahUKEwiiyr7V89v8AhU5hv0HHZ17ArQQ_BJ6BQiFARA : 26 new reviews
2023-01-26 00:42:29,674 - INFO - https://www.google.com/maps/place/Super+Bro's/@50.1217539,8.6802749,15z/data=!4m2!3m1!1s0x0:0xc088ec1873216106?sa=X&ved=2ahUKEwiiyr7V89v8AhU5hv0HHZ17ArQQ_BJ6BQiFARA : 26 new reviews
2023-01-26 00:42:29,674 - INFO - https://www.google.com/maps/place/Super+Bro's/@50.1217539,8.6802749,15z/data=!4m2!3m1!1s0x0:0xc088ec1873216106?sa=X&ved=2ahUKEwiiyr7V89v8AhU5hv0HHZ17ArQQ_BJ6BQiFARA : 26 new reviews
2023-01-26 00:42:29,674 - INFO - https://www.google.com/maps/place/Super+Bro's/@50.1217539,8.6802749,15z/data=!4m2!3m1!1s0x0:0xc088ec1873216106?sa=X&ved=2ahUKEwiiyr7V89v8AhU5hv0HHZ17ArQQ_BJ6BQiFARA : 26 new reviews
2023-01-26 00:42:29,674 - INFO - https://www.google.com/maps/place/Super+Bro's/@50.1217539,8.6802749,15z/data=!4m2!3m1!1s0x0:0xc088ec1873216106?sa=X&ved=2ahUKEwiiyr7V89v8AhU5hv0HHZ17ArQQ_BJ6BQiFARA : 26 new reviews
2023-01-26 00:42:29,674 - INFO - https://www.google.com/maps/place/Super+Bro's/@50.1217539,8.6802749,15z/data=!4m2!3m1!1s0x0:0xc088ec1873216106?sa=X&ved=2ahUKEwiiyr7V89v8AhU5hv0HHZ17ArQQ_BJ6BQiFARA : 26 new reviews
2023-01-26 00:45:41,789 - INFO - https://www.google.com/maps/place/Super+Bro's/@50.1217539,8.6802749,15z/data=!4m2!3m1!1s0x0:0xc088ec1873216106?sa=X&ved=2ahUKEwiiyr7V89v8AhU5hv0HHZ17ArQQ_BJ6BQiFARA : 26 new reviews
2023-01-26 00:45:41,789 - INFO - https://www.google.com/maps/place/Super+Bro's/@50.1217539,8.6802749,15z/data=!4m2!3m1!1s0x0:0xc088ec1873216106?sa=X&ved=2ahUKEwiiyr7V89v8AhU5hv0HHZ17ArQQ_BJ6BQiFARA : 26 new reviews
2023-01-26 00:45:41,789 - INFO - https://www.google.com/maps/place/Super+Bro's/@50.1217539,8.6802749,15z/data=!4m2!3m1!1s0x0:0xc088ec1873216106?sa=X&ved=2ahUKEwiiyr7V89v8AhU5hv0HHZ17ArQQ_BJ6BQiFARA : 26 new reviews
2023-01-26 00:45:41,789 - INFO - https://www.google.com/maps/place/Super+Bro's/@50.1217539,8.6802749,15z/data=!4m2!3m1!1s0x0:0xc088ec1873216106?sa=X&ved=2ahUKEwiiyr7V89v8AhU5hv0HHZ17ArQQ_BJ6BQiFARA : 26 new reviews
2023-01-26 00:45:41,789 - INFO - https://www.google.com/maps/place/Super+Bro's/@50.1217539,8.6802749,15z/data=!4m2!3m1!1s0x0:0xc088ec1873216106?sa=X&ved=2ahUKEwiiyr7V89v8AhU5hv0HHZ17ArQQ_BJ6BQiFARA : 26 new reviews
2023-01-26 00:45:41,789 - INFO - https://www.google.com/maps/place/Super+Bro's/@50.1217539,8.6802749,15z/data=!4m2!3m1!1s0x0:0xc088ec1873216106?sa=X&ved=2ahUKEwiiyr7V89v8AhU5hv0HHZ17ArQQ_BJ6BQiFARA : 26 new reviews
2023-01-26 00:45:41,789 - INFO - https://www.google.com/maps/place/Super+Bro's/@50.1217539,8.6802749,15z/data=!4m2!3m1!1s0x0:0xc088ec1873216106?sa=X&ved=2ahUKEwiiyr7V89v8AhU5hv0HHZ17ArQQ_BJ6BQiFARA : 26 new reviews
2023-01-26 00:45:41,789 - INFO - https://www.google.com/maps/place/Super+Bro's/@50.1217539,8.6802749,15z/data=!4m2!3m1!1s0x0:0xc088ec1873216106?sa=X&ved=2ahUKEwiiyr7V89v8AhU5hv0HHZ17ArQQ_BJ6BQiFARA : 26 new reviews
2023-01-26 00:45:41,789 - INFO - https://www.google.com/maps/place/Super+Bro's/@50.1217539,8.6802749,15z/data=!4m2!3m1!1s0x0:0xc088ec1873216106?sa=X&ved=2ahUKEwiiyr7V89v8AhU5hv0HHZ17ArQQ_BJ6BQiFARA : 26 new reviews
2023-01-26 00:45:41,789 - INFO - https://www.google.com/maps/place/Super+Bro's/@50.1217539,8.6802749,15z/data=!4m2!3m1!1s0x0:0xc088ec1873216106?sa=X&ved=2ahUKEwiiyr7V89v8AhU5hv0HHZ17ArQQ_BJ6BQiFARA : 26 new reviews
2023-01-26 00:45:41,789 - INFO - https://www.google.com/maps/place/Super+Bro's/@50.1217539,8.6802749,15z/data=!4m2!3m1!1s0x0:0xc088ec1873216106?sa=X&ved=2ahUKEwiiyr7V89v8AhU5hv0HHZ17ArQQ_BJ6BQiFARA : 26 new reviews
2023-01-26 00:45:41,789 - INFO - https://www.google.com/maps/place/Super+Bro's/@50.1217539,8.6802749,15z/data=!4m2!3m1!1s0x0:0xc088ec1873216106?sa=X&ved=2ahUKEwiiyr7V89v8AhU5hv0HHZ17ArQQ_BJ6BQiFARA : 26 new reviews
2023-01-26 00:45:41,789 - INFO - https://www.google.com/maps/place/Super+Bro's/@50.1217539,8.6802749,15z/data=!4m2!3m1!1s0x0:0xc088ec1873216106?sa=X&ved=2ahUKEwiiyr7V89v8AhU5hv0HHZ17ArQQ_BJ6BQiFARA : 26 new reviews
2023-01-26 00:45:41,789 - INFO - https://www.google.com/maps/place/Super+Bro's/@50.1217539,8.6802749,15z/data=!4m2!3m1!1s0x0:0xc088ec1873216106?sa=X&ved=2ahUKEwiiyr7V89v8AhU5hv0HHZ17ArQQ_BJ6BQiFARA : 26 new reviews
2023-01-26 00:45:41,789 - INFO - https://www.google.com/maps/place/Super+Bro's/@50.1217539,8.6802749,15z/data=!4m2!3m1!1s0x0:0xc088ec1873216106?sa=X&ved=2ahUKEwiiyr7V89v8AhU5hv0HHZ17ArQQ_BJ6BQiFARA : 26 new reviews
2023-01-26 00:45:41,789 - INFO - https://www.google.com/maps/place/Super+Bro's/@50.1217539,8.6802749,15z/data=!4m2!3m1!1s0x0:0xc088ec1873216106?sa=X&ved=2ahUKEwiiyr7V89v8AhU5hv0HHZ17ArQQ_BJ6BQiFARA : 26 new reviews
2023-01-26 00:45:41,789 - INFO - https://www.google.com/maps/place/Super+Bro's/@50.1217539,8.6802749,15z/data=!4m2!3m1!1s0x0:0xc088ec1873216106?sa=X&ved=2ahUKEwiiyr7V89v8AhU5hv0HHZ17ArQQ_BJ6BQiFARA : 26 new reviews
2023-01-26 00:45:41,789 - INFO - https://www.google.com/maps/place/Super+Bro's/@50.1217539,8.6802749,15z/data=!4m2!3m1!1s0x0:0xc088ec1873216106?sa=X&ved=2ahUKEwiiyr7V89v8AhU5hv0HHZ17ArQQ_BJ6BQiFARA : 26 new reviews
2023-01-26 00:45:41,789 - INFO - https://www.google.com/maps/place/Super+Bro's/@50.1217539,8.6802749,15z/data=!4m2!3m1!1s0x0:0xc088ec1873216106?sa=X&ved=2ahUKEwiiyr7V89v8AhU5hv0HHZ17ArQQ_BJ6BQiFARA : 26 new reviews
2023-01-26 00:45:41,789 - INFO - https://www.google.com/maps/place/Super+Bro's/@50.1217539,8.6802749,15z/data=!4m2!3m1!1s0x0:0xc088ec1873216106?sa=X&ved=2ahUKEwiiyr7V89v8AhU5hv0HHZ17ArQQ_BJ6BQiFARA : 26 new reviews
2023-01-26 00:45:41,789 - INFO - https://www.google.com/maps/place/Super+Bro's/@50.1217539,8.6802749,15z/data=!4m2!3m1!1s0x0:0xc088ec1873216106?sa=X&ved=2ahUKEwiiyr7V89v8AhU5hv0HHZ17ArQQ_BJ6BQiFARA : 26 new reviews
2023-01-26 00:45:41,789 - INFO - https://www.google.com/maps/place/Super+Bro's/@50.1217539,8.6802749,15z/data=!4m2!3m1!1s0x0:0xc088ec1873216106?sa=X&ved=2ahUKEwiiyr7V89v8AhU5hv0HHZ17ArQQ_BJ6BQiFARA : 26 new reviews
2023-01-26 01:03:01,627 - INFO - https://www.google.com/maps/place/Super+Bro's/@50.1217539,8.6802749,15z/data=!4m2!3m1!1s0x0:0xc088ec1873216106?sa=X&ved=2ahUKEwiiyr7V89v8AhU5hv0HHZ17ArQQ_BJ6BQiFARA : 27 new reviews
2023-01-26 01:03:01,627 - INFO - https://www.google.com/maps/place/Super+Bro's/@50.1217539,8.6802749,15z/data=!4m2!3m1!1s0x0:0xc088ec1873216106?sa=X&ved=2ahUKEwiiyr7V89v8AhU5hv0HHZ17ArQQ_BJ6BQiFARA : 27 new reviews
2023-01-26 01:03:01,627 - INFO - https://www.google.com/maps/place/Super+Bro's/@50.1217539,8.6802749,15z/data=!4m2!3m1!1s0x0:0xc088ec1873216106?sa=X&ved=2ahUKEwiiyr7V89v8AhU5hv0HHZ17ArQQ_BJ6BQiFARA : 27 new reviews
2023-01-26 01:03:01,627 - INFO - https://www.google.com/maps/place/Super+Bro's/@50.1217539,8.6802749,15z/data=!4m2!3m1!1s0x0:0xc088ec1873216106?sa=X&ved=2ahUKEwiiyr7V89v8AhU5hv0HHZ17ArQQ_BJ6BQiFARA : 27 new reviews
2023-01-26 01:03:01,627 - INFO - https://www.google.com/maps/place/Super+Bro's/@50.1217539,8.6802749,15z/data=!4m2!3m1!1s0x0:0xc088ec1873216106?sa=X&ved=2ahUKEwiiyr7V89v8AhU5hv0HHZ17ArQQ_BJ6BQiFARA : 27 new reviews
2023-01-26 01:03:01,627 - INFO - https://www.google.com/maps/place/Super+Bro's/@50.1217539,8.6802749,15z/data=!4m2!3m1!1s0x0:0xc088ec1873216106?sa=X&ved=2ahUKEwiiyr7V89v8AhU5hv0HHZ17ArQQ_BJ6BQiFARA : 27 new reviews
2023-01-26 01:03:01,627 - INFO - https://www.google.com/maps/place/Super+Bro's/@50.1217539,8.6802749,15z/data=!4m2!3m1!1s0x0:0xc088ec1873216106?sa=X&ved=2ahUKEwiiyr7V89v8AhU5hv0HHZ17ArQQ_BJ6BQiFARA : 27 new reviews
2023-01-26 01:03:01,627 - INFO - https://www.google.com/maps/place/Super+Bro's/@50.1217539,8.6802749,15z/data=!4m2!3m1!1s0x0:0xc088ec1873216106?sa=X&ved=2ahUKEwiiyr7V89v8AhU5hv0HHZ17ArQQ_BJ6BQiFARA : 27 new reviews
2023-01-26 01:03:01,627 - INFO - https://www.google.com/maps/place/Super+Bro's/@50.1217539,8.6802749,15z/data=!4m2!3m1!1s0x0:0xc088ec1873216106?sa=X&ved=2ahUKEwiiyr7V89v8AhU5hv0HHZ17ArQQ_BJ6BQiFARA : 27 new reviews
2023-01-26 01:03:01,627 - INFO - https://www.google.com/maps/place/Super+Bro's/@50.1217539,8.6802749,15z/data=!4m2!3m1!1s0x0:0xc088ec1873216106?sa=X&ved=2ahUKEwiiyr7V89v8AhU5hv0HHZ17ArQQ_BJ6BQiFARA : 27 new reviews
2023-01-26 01:03:01,627 - INFO - https://www.google.com/maps/place/Super+Bro's/@50.1217539,8.6802749,15z/data=!4m2!3m1!1s0x0:0xc088ec1873216106?sa=X&ved=2ahUKEwiiyr7V89v8AhU5hv0HHZ17ArQQ_BJ6BQiFARA : 27 new reviews
2023-01-26 01:03:01,627 - INFO - https://www.google.com/maps/place/Super+Bro's/@50.1217539,8.6802749,15z/data=!4m2!3m1!1s0x0:0xc088ec1873216106?sa=X&ved=2ahUKEwiiyr7V89v8AhU5hv0HHZ17ArQQ_BJ6BQiFARA : 27 new reviews
2023-01-26 01:03:01,627 - INFO - https://www.google.com/maps/place/Super+Bro's/@50.1217539,8.6802749,15z/data=!4m2!3m1!1s0x0:0xc088ec1873216106?sa=X&ved=2ahUKEwiiyr7V89v8AhU5hv0HHZ17ArQQ_BJ6BQiFARA : 27 new reviews
2023-01-26 01:03:01,627 - INFO - https://www.google.com/maps/place/Super+Bro's/@50.1217539,8.6802749,15z/data=!4m2!3m1!1s0x0:0xc088ec1873216106?sa=X&ved=2ahUKEwiiyr7V89v8AhU5hv0HHZ17ArQQ_BJ6BQiFARA : 27 new reviews
2023-01-26 01:03:01,627 - INFO - https://www.google.com/maps/place/Super+Bro's/@50.1217539,8.6802749,15z/data=!4m2!3m1!1s0x0:0xc088ec1873216106?sa=X&ved=2ahUKEwiiyr7V89v8AhU5hv0HHZ17ArQQ_BJ6BQiFARA : 27 new reviews
2023-01-26 01:03:01,627 - INFO - https://www.google.com/maps/place/Super+Bro's/@50.1217539,8.6802749,15z/data=!4m2!3m1!1s0x0:0xc088ec1873216106?sa=X&ved=2ahUKEwiiyr7V89v8AhU5hv0HHZ17ArQQ_BJ6BQiFARA : 27 new reviews
2023-01-26 01:03:01,627 - INFO - https://www.google.com/maps/place/Super+Bro's/@50.1217539,8.6802749,15z/data=!4m2!3m1!1s0x0:0xc088ec1873216106?sa=X&ved=2ahUKEwiiyr7V89v8AhU5hv0HHZ17ArQQ_BJ6BQiFARA : 27 new reviews
2023-01-26 01:03:01,627 - INFO - https://www.google.com/maps/place/Super+Bro's/@50.1217539,8.6802749,15z/data=!4m2!3m1!1s0x0:0xc088ec1873216106?sa=X&ved=2ahUKEwiiyr7V89v8AhU5hv0HHZ17ArQQ_BJ6BQiFARA : 27 new reviews
2023-01-26 01:03:01,627 - INFO - https://www.google.com/maps/place/Super+Bro's/@50.1217539,8.6802749,15z/data=!4m2!3m1!1s0x0:0xc088ec1873216106?sa=X&ved=2ahUKEwiiyr7V89v8AhU5hv0HHZ17ArQQ_BJ6BQiFARA : 27 new reviews
2023-01-26 01:03:01,627 - INFO - https://www.google.com/maps/place/Super+Bro's/@50.1217539,8.6802749,15z/data=!4m2!3m1!1s0x0:0xc088ec1873216106?sa=X&ved=2ahUKEwiiyr7V89v8AhU5hv0HHZ17ArQQ_BJ6BQiFARA : 27 new reviews
2023-01-26 01:03:01,627 - INFO - https://www.google.com/maps/place/Super+Bro's/@50.1217539,8.6802749,15z/data=!4m2!3m1!1s0x0:0xc088ec1873216106?sa=X&ved=2ahUKEwiiyr7V89v8AhU5hv0HHZ17ArQQ_BJ6BQiFARA : 27 new reviews
2023-01-26 01:03:01,627 - INFO - https://www.google.com/maps/place/Super+Bro's/@50.1217539,8.6802749,15z/data=!4m2!3m1!1s0x0:0xc088ec1873216106?sa=X&ved=2ahUKEwiiyr7V89v8AhU5hv0HHZ17ArQQ_BJ6BQiFARA : 27 new reviews
2023-01-26 01:03:01,627 - INFO - https://www.google.com/maps/place/Super+Bro's/@50.1217539,8.6802749,15z/data=!4m2!3m1!1s0x0:0xc088ec1873216106?sa=X&ved=2ahUKEwiiyr7V89v8AhU5hv0HHZ17ArQQ_BJ6BQiFARA : 27 new reviews
2023-01-26 01:03:01,627 - INFO - https://www.google.com/maps/place/Super+Bro's/@50.1217539,8.6802749,15z/data=!4m2!3m1!1s0x0:0xc088ec1873216106?sa=X&ved=2ahUKEwiiyr7V89v8AhU5hv0HHZ17ArQQ_BJ6BQiFARA : 27 new reviews
2023-01-26 01:03:01,627 - INFO - https://www.google.com/maps/place/Super+Bro's/@50.1217539,8.6802749,15z/data=!4m2!3m1!1s0x0:0xc088ec1873216106?sa=X&ved=2ahUKEwiiyr7V89v8AhU5hv0HHZ17ArQQ_BJ6BQiFARA : 27 new reviews
2023-01-26 22:38:00,290 - ERROR - Exception: 
2023-01-26 22:38:00,290 - ERROR - Exception: 
2023-01-26 22:38:00,290 - ERROR - Exception: 
2023-01-26 22:38:00,290 - ERROR - Exception: 
2023-01-26 22:38:00,290 - ERROR - Exception: 
2023-01-26 22:38:00,290 - ERROR - Exception: 
2023-01-26 22:38:00,290 - ERROR - Exception: 
2023-01-26 22:38:00,290 - ERROR - Exception: 
2023-01-26 22:38:00,290 - ERROR - Exception: 
2023-01-26 22:38:00,290 - ERROR - Exception: 
2023-01-26 22:38:00,290 - ERROR - Exception: 
2023-01-26 22:38:00,290 - ERROR - Exception: 
2023-01-26 22:38:00,290 - ERROR - Exception: 
2023-01-26 22:38:00,290 - ERROR - Exception: 
2023-01-26 22:38:00,290 - ERROR - Exception: 
2023-01-26 22:38:00,290 - ERROR - Exception: 
2023-01-26 22:38:00,290 - ERROR - Exception: 
2023-01-26 22:38:00,290 - ERROR - Exception: 
2023-01-26 22:38:00,290 - ERROR - Exception: 
2023-01-26 22:38:00,290 - ERROR - Exception: 
2023-01-26 22:38:00,290 - ERROR - Exception: 
2023-01-26 22:38:00,290 - ERROR - Exception: 
2023-01-26 22:38:00,290 - ERROR - Exception: 
2023-01-26 22:38:00,290 - ERROR - Exception: 
2023-01-26 22:38:00,290 - ERROR - Exception: 
2023-01-26 22:38:00,290 - ERROR - Exception: 
2023-01-26 22:38:00,290 - ERROR - Exception: 
2023-01-26 22:38:00,290 - ERROR - Exception: 
2023-01-26 22:45:52,538 - INFO - https://www.google.com/maps/place/Super+Bro's/@50.1217539,8.6802749,15z/data=!4m2!3m1!1s0x0:0xc088ec1873216106?sa=X&ved=2ahUKEwiiyr7V89v8AhU5hv0HHZ17ArQQ_BJ6BQiFARA : 16 new reviews
2023-01-26 22:45:52,538 - INFO - https://www.google.com/maps/place/Super+Bro's/@50.1217539,8.6802749,15z/data=!4m2!3m1!1s0x0:0xc088ec1873216106?sa=X&ved=2ahUKEwiiyr7V89v8AhU5hv0HHZ17ArQQ_BJ6BQiFARA : 16 new reviews
2023-01-26 22:45:52,538 - INFO - https://www.google.com/maps/place/Super+Bro's/@50.1217539,8.6802749,15z/data=!4m2!3m1!1s0x0:0xc088ec1873216106?sa=X&ved=2ahUKEwiiyr7V89v8AhU5hv0HHZ17ArQQ_BJ6BQiFARA : 16 new reviews
2023-01-26 22:45:52,538 - INFO - https://www.google.com/maps/place/Super+Bro's/@50.1217539,8.6802749,15z/data=!4m2!3m1!1s0x0:0xc088ec1873216106?sa=X&ved=2ahUKEwiiyr7V89v8AhU5hv0HHZ17ArQQ_BJ6BQiFARA : 16 new reviews
2023-01-26 22:45:52,538 - INFO - https://www.google.com/maps/place/Super+Bro's/@50.1217539,8.6802749,15z/data=!4m2!3m1!1s0x0:0xc088ec1873216106?sa=X&ved=2ahUKEwiiyr7V89v8AhU5hv0HHZ17ArQQ_BJ6BQiFARA : 16 new reviews
2023-01-26 22:45:52,538 - INFO - https://www.google.com/maps/place/Super+Bro's/@50.1217539,8.6802749,15z/data=!4m2!3m1!1s0x0:0xc088ec1873216106?sa=X&ved=2ahUKEwiiyr7V89v8AhU5hv0HHZ17ArQQ_BJ6BQiFARA : 16 new reviews
2023-01-26 22:45:52,538 - INFO - https://www.google.com/maps/place/Super+Bro's/@50.1217539,8.6802749,15z/data=!4m2!3m1!1s0x0:0xc088ec1873216106?sa=X&ved=2ahUKEwiiyr7V89v8AhU5hv0HHZ17ArQQ_BJ6BQiFARA : 16 new reviews
2023-01-26 22:45:52,538 - INFO - https://www.google.com/maps/place/Super+Bro's/@50.1217539,8.6802749,15z/data=!4m2!3m1!1s0x0:0xc088ec1873216106?sa=X&ved=2ahUKEwiiyr7V89v8AhU5hv0HHZ17ArQQ_BJ6BQiFARA : 16 new reviews
2023-01-26 22:45:52,538 - INFO - https://www.google.com/maps/place/Super+Bro's/@50.1217539,8.6802749,15z/data=!4m2!3m1!1s0x0:0xc088ec1873216106?sa=X&ved=2ahUKEwiiyr7V89v8AhU5hv0HHZ17ArQQ_BJ6BQiFARA : 16 new reviews
2023-01-26 22:45:52,538 - INFO - https://www.google.com/maps/place/Super+Bro's/@50.1217539,8.6802749,15z/data=!4m2!3m1!1s0x0:0xc088ec1873216106?sa=X&ved=2ahUKEwiiyr7V89v8AhU5hv0HHZ17ArQQ_BJ6BQiFARA : 16 new reviews
2023-01-26 22:45:52,538 - INFO - https://www.google.com/maps/place/Super+Bro's/@50.1217539,8.6802749,15z/data=!4m2!3m1!1s0x0:0xc088ec1873216106?sa=X&ved=2ahUKEwiiyr7V89v8AhU5hv0HHZ17ArQQ_BJ6BQiFARA : 16 new reviews
2023-01-26 22:45:52,538 - INFO - https://www.google.com/maps/place/Super+Bro's/@50.1217539,8.6802749,15z/data=!4m2!3m1!1s0x0:0xc088ec1873216106?sa=X&ved=2ahUKEwiiyr7V89v8AhU5hv0HHZ17ArQQ_BJ6BQiFARA : 16 new reviews
2023-01-26 22:45:52,538 - INFO - https://www.google.com/maps/place/Super+Bro's/@50.1217539,8.6802749,15z/data=!4m2!3m1!1s0x0:0xc088ec1873216106?sa=X&ved=2ahUKEwiiyr7V89v8AhU5hv0HHZ17ArQQ_BJ6BQiFARA : 16 new reviews
2023-01-26 22:45:52,538 - INFO - https://www.google.com/maps/place/Super+Bro's/@50.1217539,8.6802749,15z/data=!4m2!3m1!1s0x0:0xc088ec1873216106?sa=X&ved=2ahUKEwiiyr7V89v8AhU5hv0HHZ17ArQQ_BJ6BQiFARA : 16 new reviews
2023-01-26 22:45:52,538 - INFO - https://www.google.com/maps/place/Super+Bro's/@50.1217539,8.6802749,15z/data=!4m2!3m1!1s0x0:0xc088ec1873216106?sa=X&ved=2ahUKEwiiyr7V89v8AhU5hv0HHZ17ArQQ_BJ6BQiFARA : 16 new reviews
2023-01-26 22:45:52,538 - INFO - https://www.google.com/maps/place/Super+Bro's/@50.1217539,8.6802749,15z/data=!4m2!3m1!1s0x0:0xc088ec1873216106?sa=X&ved=2ahUKEwiiyr7V89v8AhU5hv0HHZ17ArQQ_BJ6BQiFARA : 16 new reviews
2023-01-26 22:45:52,538 - INFO - https://www.google.com/maps/place/Super+Bro's/@50.1217539,8.6802749,15z/data=!4m2!3m1!1s0x0:0xc088ec1873216106?sa=X&ved=2ahUKEwiiyr7V89v8AhU5hv0HHZ17ArQQ_BJ6BQiFARA : 16 new reviews
2023-01-26 22:45:52,538 - INFO - https://www.google.com/maps/place/Super+Bro's/@50.1217539,8.6802749,15z/data=!4m2!3m1!1s0x0:0xc088ec1873216106?sa=X&ved=2ahUKEwiiyr7V89v8AhU5hv0HHZ17ArQQ_BJ6BQiFARA : 16 new reviews
2023-01-26 22:45:52,538 - INFO - https://www.google.com/maps/place/Super+Bro's/@50.1217539,8.6802749,15z/data=!4m2!3m1!1s0x0:0xc088ec1873216106?sa=X&ved=2ahUKEwiiyr7V89v8AhU5hv0HHZ17ArQQ_BJ6BQiFARA : 16 new reviews
2023-01-26 22:45:52,538 - INFO - https://www.google.com/maps/place/Super+Bro's/@50.1217539,8.6802749,15z/data=!4m2!3m1!1s0x0:0xc088ec1873216106?sa=X&ved=2ahUKEwiiyr7V89v8AhU5hv0HHZ17ArQQ_BJ6BQiFARA : 16 new reviews
2023-01-26 22:45:52,538 - INFO - https://www.google.com/maps/place/Super+Bro's/@50.1217539,8.6802749,15z/data=!4m2!3m1!1s0x0:0xc088ec1873216106?sa=X&ved=2ahUKEwiiyr7V89v8AhU5hv0HHZ17ArQQ_BJ6BQiFARA : 16 new reviews
2023-01-26 22:45:52,538 - INFO - https://www.google.com/maps/place/Super+Bro's/@50.1217539,8.6802749,15z/data=!4m2!3m1!1s0x0:0xc088ec1873216106?sa=X&ved=2ahUKEwiiyr7V89v8AhU5hv0HHZ17ArQQ_BJ6BQiFARA : 16 new reviews
2023-01-26 22:45:52,538 - INFO - https://www.google.com/maps/place/Super+Bro's/@50.1217539,8.6802749,15z/data=!4m2!3m1!1s0x0:0xc088ec1873216106?sa=X&ved=2ahUKEwiiyr7V89v8AhU5hv0HHZ17ArQQ_BJ6BQiFARA : 16 new reviews
2023-01-26 22:45:52,538 - INFO - https://www.google.com/maps/place/Super+Bro's/@50.1217539,8.6802749,15z/data=!4m2!3m1!1s0x0:0xc088ec1873216106?sa=X&ved=2ahUKEwiiyr7V89v8AhU5hv0HHZ17ArQQ_BJ6BQiFARA : 16 new reviews
2023-01-26 22:45:52,538 - INFO - https://www.google.com/maps/place/Super+Bro's/@50.1217539,8.6802749,15z/data=!4m2!3m1!1s0x0:0xc088ec1873216106?sa=X&ved=2ahUKEwiiyr7V89v8AhU5hv0HHZ17ArQQ_BJ6BQiFARA : 16 new reviews
2023-01-26 22:45:52,538 - INFO - https://www.google.com/maps/place/Super+Bro's/@50.1217539,8.6802749,15z/data=!4m2!3m1!1s0x0:0xc088ec1873216106?sa=X&ved=2ahUKEwiiyr7V89v8AhU5hv0HHZ17ArQQ_BJ6BQiFARA : 16 new reviews
2023-01-26 22:45:52,538 - INFO - https://www.google.com/maps/place/Super+Bro's/@50.1217539,8.6802749,15z/data=!4m2!3m1!1s0x0:0xc088ec1873216106?sa=X&ved=2ahUKEwiiyr7V89v8AhU5hv0HHZ17ArQQ_BJ6BQiFARA : 16 new reviews
2023-01-26 22:45:52,538 - INFO - https://www.google.com/maps/place/Super+Bro's/@50.1217539,8.6802749,15z/data=!4m2!3m1!1s0x0:0xc088ec1873216106?sa=X&ved=2ahUKEwiiyr7V89v8AhU5hv0HHZ17ArQQ_BJ6BQiFARA : 16 new reviews
2023-01-26 22:45:52,538 - INFO - https://www.google.com/maps/place/Super+Bro's/@50.1217539,8.6802749,15z/data=!4m2!3m1!1s0x0:0xc088ec1873216106?sa=X&ved=2ahUKEwiiyr7V89v8AhU5hv0HHZ17ArQQ_BJ6BQiFARA : 16 new reviews
